2022-02-07T01:16:47+00:00 CRITICAL Uncaught Error: Call to undefined function yprm_get_theme_setting() in /home/ezephyr3/kreativeenterprises.co.in/wp-content/themes/novo/header.php:3
Stack trace:
#0 /home/ezephyr3/kreativeenterprises.co.in/wp-includes/template.php(770): require_once()
#1 /home/ezephyr3/kreativeenterprises.co.in/wp-includes/template.php(716): load_template('/home/ezephyr3/...', true, Array)
#2 /home/ezephyr3/kreativeenterprises.co.in/wp-includes/general-template.php(48): locate_template(Array, true, true, Array)
#3 /home/ezephyr3/kreativeenterprises.co.in/wp-content/themes/novo/template-landing.php(19): get_header()
#4 /home/ezephyr3/kreativeenterprises.co.in/wp-includes/template-loader.php(106): include('/home/ezephyr3/...')
#5 /home/ezephyr3/kreativeenterprises.co.in/wp-blog-header.php(19): require_once('/home/ezephyr3/...')
#6 /home/ezephyr3/kreativeenterprises.co.in/index.php(17): require('/home/ezephyr3/...')
#7 {main}
  thrown in /home/ezephyr3/kreativeenterprises.co.in/wp-content/themes/novo/header.php on line 3

2022-02-07T01:37:27+00:00 CRITICAL Uncaught Error: Call to undefined function yprm_get_theme_setting() in /home/ezephyr3/kreativeenterprises.co.in/wp-content/themes/novo/header.php:3
Stack trace:
#0 /home/ezephyr3/kreativeenterprises.co.in/wp-includes/template.php(770): require_once()
#1 /home/ezephyr3/kreativeenterprises.co.in/wp-includes/template.php(716): load_template('/home/ezephyr3/...', true, Array)
#2 /home/ezephyr3/kreativeenterprises.co.in/wp-includes/general-template.php(48): locate_template(Array, true, true, Array)
#3 /home/ezephyr3/kreativeenterprises.co.in/wp-content/themes/novo/template-landing.php(19): get_header()
#4 /home/ezephyr3/kreativeenterprises.co.in/wp-includes/template-loader.php(106): include('/home/ezephyr3/...')
#5 /home/ezephyr3/kreativeenterprises.co.in/wp-blog-header.php(19): require_once('/home/ezephyr3/...')
#6 /home/ezephyr3/kreativeenterprises.co.in/index.php(17): require('/home/ezephyr3/...')
#7 {main}
  thrown in /home/ezephyr3/kreativeenterprises.co.in/wp-content/themes/novo/header.php on line 3

2022-02-07T02:21:35+00:00 CRITICAL Uncaught Error: Call to undefined function yprm_get_theme_setting() in /home/ezephyr3/kreativeenterprises.co.in/wp-content/themes/novo/header.php:3
Stack trace:
#0 /home/ezephyr3/kreativeenterprises.co.in/wp-includes/template.php(770): require_once()
#1 /home/ezephyr3/kreativeenterprises.co.in/wp-includes/template.php(716): load_template('/home/ezephyr3/...', true, Array)
#2 /home/ezephyr3/kreativeenterprises.co.in/wp-includes/general-template.php(48): locate_template(Array, true, true, Array)
#3 /home/ezephyr3/kreativeenterprises.co.in/wp-content/themes/novo/template-landing.php(19): get_header()
#4 /home/ezephyr3/kreativeenterprises.co.in/wp-includes/template-loader.php(106): include('/home/ezephyr3/...')
#5 /home/ezephyr3/kreativeenterprises.co.in/wp-blog-header.php(19): require_once('/home/ezephyr3/...')
#6 /home/ezephyr3/kreativeenterprises.co.in/index.php(17): require('/home/ezephyr3/...')
#7 {main}
  thrown in /home/ezephyr3/kreativeenterprises.co.in/wp-content/themes/novo/header.php on line 3

2022-02-07T02:21:35+00:00 CRITICAL Uncaught Error: Call to undefined function yprm_get_theme_setting() in /home/ezephyr3/kreativeenterprises.co.in/wp-content/themes/novo/header.php:3
Stack trace:
#0 /home/ezephyr3/kreativeenterprises.co.in/wp-includes/template.php(770): require_once()
#1 /home/ezephyr3/kreativeenterprises.co.in/wp-includes/template.php(716): load_template('/home/ezephyr3/...', true, Array)
#2 /home/ezephyr3/kreativeenterprises.co.in/wp-includes/general-template.php(48): locate_template(Array, true, true, Array)
#3 /home/ezephyr3/kreativeenterprises.co.in/wp-content/themes/novo/template-landing.php(19): get_header()
#4 /home/ezephyr3/kreativeenterprises.co.in/wp-includes/template-loader.php(106): include('/home/ezephyr3/...')
#5 /home/ezephyr3/kreativeenterprises.co.in/wp-blog-header.php(19): require_once('/home/ezephyr3/...')
#6 /home/ezephyr3/kreativeenterprises.co.in/index.php(17): require('/home/ezephyr3/...')
#7 {main}
  thrown in /home/ezephyr3/kreativeenterprises.co.in/wp-content/themes/novo/header.php on line 3

2022-02-07T03:19:04+00:00 CRITICAL Uncaught Error: Call to undefined function yprm_get_theme_setting() in /home/ezephyr3/kreativeenterprises.co.in/wp-content/themes/novo/404.php:13
Stack trace:
#0 /home/ezephyr3/kreativeenterprises.co.in/wp-includes/template-loader.php(106): include()
#1 /home/ezephyr3/kreativeenterprises.co.in/wp-blog-header.php(19): require_once('/home/ezephyr3/...')
#2 /home/ezephyr3/kreativeenterprises.co.in/index.php(17): require('/home/ezephyr3/...')
#3 {main}
  thrown in /home/ezephyr3/kreativeenterprises.co.in/wp-content/themes/novo/404.php on line 13

2022-02-07T03:21:09+00:00 CRITICAL Uncaught Error: Call to undefined function yprm_get_theme_setting() in /home/ezephyr3/kreativeenterprises.co.in/wp-content/themes/novo/404.php:13
Stack trace:
#0 /home/ezephyr3/kreativeenterprises.co.in/wp-includes/template-loader.php(106): include()
#1 /home/ezephyr3/kreativeenterprises.co.in/wp-blog-header.php(19): require_once('/home/ezephyr3/...')
#2 /home/ezephyr3/kreativeenterprises.co.in/index.php(17): require('/home/ezephyr3/...')
#3 {main}
  thrown in /home/ezephyr3/kreativeenterprises.co.in/wp-content/themes/novo/404.php on line 13

2022-02-07T05:36:52+00:00 CRITICAL Uncaught Error: Call to undefined function yprm_get_theme_setting() in /home/ezephyr3/kreativeenterprises.co.in/wp-content/themes/novo/header.php:3
Stack trace:
#0 /home/ezephyr3/kreativeenterprises.co.in/wp-includes/template.php(770): require_once()
#1 /home/ezephyr3/kreativeenterprises.co.in/wp-includes/template.php(716): load_template('/home/ezephyr3/...', true, Array)
#2 /home/ezephyr3/kreativeenterprises.co.in/wp-includes/general-template.php(48): locate_template(Array, true, true, Array)
#3 /home/ezephyr3/kreativeenterprises.co.in/wp-content/themes/novo/template-landing.php(19): get_header()
#4 /home/ezephyr3/kreativeenterprises.co.in/wp-includes/template-loader.php(106): include('/home/ezephyr3/...')
#5 /home/ezephyr3/kreativeenterprises.co.in/wp-blog-header.php(19): require_once('/home/ezephyr3/...')
#6 /home/ezephyr3/kreativeenterprises.co.in/index.php(17): require('/home/ezephyr3/...')
#7 {main}
  thrown in /home/ezephyr3/kreativeenterprises.co.in/wp-content/themes/novo/header.php on line 3

2022-02-07T05:36:56+00:00 CRITICAL Uncaught Error: Call to undefined function yprm_get_theme_setting() in /home/ezephyr3/kreativeenterprises.co.in/wp-content/themes/novo/header.php:3
Stack trace:
#0 /home/ezephyr3/kreativeenterprises.co.in/wp-includes/template.php(770): require_once()
#1 /home/ezephyr3/kreativeenterprises.co.in/wp-includes/template.php(716): load_template('/home/ezephyr3/...', true, Array)
#2 /home/ezephyr3/kreativeenterprises.co.in/wp-includes/general-template.php(48): locate_template(Array, true, true, Array)
#3 /home/ezephyr3/kreativeenterprises.co.in/wp-content/themes/novo/template-landing.php(19): get_header()
#4 /home/ezephyr3/kreativeenterprises.co.in/wp-includes/template-loader.php(106): include('/home/ezephyr3/...')
#5 /home/ezephyr3/kreativeenterprises.co.in/wp-blog-header.php(19): require_once('/home/ezephyr3/...')
#6 /home/ezephyr3/kreativeenterprises.co.in/index.php(17): require('/home/ezephyr3/...')
#7 {main}
  thrown in /home/ezephyr3/kreativeenterprises.co.in/wp-content/themes/novo/header.php on line 3

2022-02-07T05:36:59+00:00 CRITICAL Uncaught Error: Call to undefined function yprm_get_theme_setting() in /home/ezephyr3/kreativeenterprises.co.in/wp-content/themes/novo/header.php:3
Stack trace:
#0 /home/ezephyr3/kreativeenterprises.co.in/wp-includes/template.php(770): require_once()
#1 /home/ezephyr3/kreativeenterprises.co.in/wp-includes/template.php(716): load_template('/home/ezephyr3/...', true, Array)
#2 /home/ezephyr3/kreativeenterprises.co.in/wp-includes/general-template.php(48): locate_template(Array, true, true, Array)
#3 /home/ezephyr3/kreativeenterprises.co.in/wp-content/themes/novo/template-landing.php(19): get_header()
#4 /home/ezephyr3/kreativeenterprises.co.in/wp-includes/template-loader.php(106): include('/home/ezephyr3/...')
#5 /home/ezephyr3/kreativeenterprises.co.in/wp-blog-header.php(19): require_once('/home/ezephyr3/...')
#6 /home/ezephyr3/kreativeenterprises.co.in/index.php(17): require('/home/ezephyr3/...')
#7 {main}
  thrown in /home/ezephyr3/kreativeenterprises.co.in/wp-content/themes/novo/header.php on line 3

2022-02-07T05:37:03+00:00 CRITICAL Uncaught Error: Call to undefined function yprm_get_theme_setting() in /home/ezephyr3/kreativeenterprises.co.in/wp-content/themes/novo/header.php:3
Stack trace:
#0 /home/ezephyr3/kreativeenterprises.co.in/wp-includes/template.php(770): require_once()
#1 /home/ezephyr3/kreativeenterprises.co.in/wp-includes/template.php(716): load_template('/home/ezephyr3/...', true, Array)
#2 /home/ezephyr3/kreativeenterprises.co.in/wp-includes/general-template.php(48): locate_template(Array, true, true, Array)
#3 /home/ezephyr3/kreativeenterprises.co.in/wp-content/themes/novo/template-landing.php(19): get_header()
#4 /home/ezephyr3/kreativeenterprises.co.in/wp-includes/template-loader.php(106): include('/home/ezephyr3/...')
#5 /home/ezephyr3/kreativeenterprises.co.in/wp-blog-header.php(19): require_once('/home/ezephyr3/...')
#6 /home/ezephyr3/kreativeenterprises.co.in/index.php(17): require('/home/ezephyr3/...')
#7 {main}
  thrown in /home/ezephyr3/kreativeenterprises.co.in/wp-content/themes/novo/header.php on line 3

2022-02-07T05:37:27+00:00 CRITICAL Uncaught Error: Call to undefined function yprm_get_theme_setting() in /home/ezephyr3/kreativeenterprises.co.in/wp-content/themes/novo/header.php:3
Stack trace:
#0 /home/ezephyr3/kreativeenterprises.co.in/wp-includes/template.php(770): require_once()
#1 /home/ezephyr3/kreativeenterprises.co.in/wp-includes/template.php(716): load_template('/home/ezephyr3/...', true, Array)
#2 /home/ezephyr3/kreativeenterprises.co.in/wp-includes/general-template.php(48): locate_template(Array, true, true, Array)
#3 /home/ezephyr3/kreativeenterprises.co.in/wp-content/themes/novo/template-landing.php(19): get_header()
#4 /home/ezephyr3/kreativeenterprises.co.in/wp-includes/template-loader.php(106): include('/home/ezephyr3/...')
#5 /home/ezephyr3/kreativeenterprises.co.in/wp-blog-header.php(19): require_once('/home/ezephyr3/...')
#6 /home/ezephyr3/kreativeenterprises.co.in/index.php(17): require('/home/ezephyr3/...')
#7 {main}
  thrown in /home/ezephyr3/kreativeenterprises.co.in/wp-content/themes/novo/header.php on line 3

2022-02-07T05:37:35+00:00 CRITICAL Uncaught Error: Call to undefined function yprm_get_theme_setting() in /home/ezephyr3/kreativeenterprises.co.in/wp-content/themes/novo/header.php:3
Stack trace:
#0 /home/ezephyr3/kreativeenterprises.co.in/wp-includes/template.php(770): require_once()
#1 /home/ezephyr3/kreativeenterprises.co.in/wp-includes/template.php(716): load_template('/home/ezephyr3/...', true, Array)
#2 /home/ezephyr3/kreativeenterprises.co.in/wp-includes/general-template.php(48): locate_template(Array, true, true, Array)
#3 /home/ezephyr3/kreativeenterprises.co.in/wp-content/themes/novo/template-landing.php(19): get_header()
#4 /home/ezephyr3/kreativeenterprises.co.in/wp-includes/template-loader.php(106): include('/home/ezephyr3/...')
#5 /home/ezephyr3/kreativeenterprises.co.in/wp-blog-header.php(19): require_once('/home/ezephyr3/...')
#6 /home/ezephyr3/kreativeenterprises.co.in/index.php(17): require('/home/ezephyr3/...')
#7 {main}
  thrown in /home/ezephyr3/kreativeenterprises.co.in/wp-content/themes/novo/header.php on line 3

2022-02-07T05:38:03+00:00 CRITICAL Uncaught Error: Call to undefined function yprm_get_theme_setting() in /home/ezephyr3/kreativeenterprises.co.in/wp-content/themes/novo/header.php:3
Stack trace:
#0 /home/ezephyr3/kreativeenterprises.co.in/wp-includes/template.php(770): require_once()
#1 /home/ezephyr3/kreativeenterprises.co.in/wp-includes/template.php(716): load_template('/home/ezephyr3/...', true, Array)
#2 /home/ezephyr3/kreativeenterprises.co.in/wp-includes/general-template.php(48): locate_template(Array, true, true, Array)
#3 /home/ezephyr3/kreativeenterprises.co.in/wp-content/themes/novo/template-landing.php(19): get_header()
#4 /home/ezephyr3/kreativeenterprises.co.in/wp-includes/template-loader.php(106): include('/home/ezephyr3/...')
#5 /home/ezephyr3/kreativeenterprises.co.in/wp-blog-header.php(19): require_once('/home/ezephyr3/...')
#6 /home/ezephyr3/kreativeenterprises.co.in/index.php(17): require('/home/ezephyr3/...')
#7 {main}
  thrown in /home/ezephyr3/kreativeenterprises.co.in/wp-content/themes/novo/header.php on line 3

2022-02-07T05:52:22+00:00 CRITICAL Uncaught Error: Call to undefined function yprm_get_theme_setting() in /home/ezephyr3/kreativeenterprises.co.in/wp-content/themes/novo/404.php:13
Stack trace:
#0 /home/ezephyr3/kreativeenterprises.co.in/wp-includes/template-loader.php(106): include()
#1 /home/ezephyr3/kreativeenterprises.co.in/wp-blog-header.php(19): require_once('/home/ezephyr3/...')
#2 /home/ezephyr3/kreativeenterprises.co.in/index.php(17): require('/home/ezephyr3/...')
#3 {main}
  thrown in /home/ezephyr3/kreativeenterprises.co.in/wp-content/themes/novo/404.php on line 13

2022-02-07T05:58:31+00:00 CRITICAL Uncaught Error: Call to undefined function yprm_get_theme_setting() in /home/ezephyr3/kreativeenterprises.co.in/wp-content/themes/novo/header.php:3
Stack trace:
#0 /home/ezephyr3/kreativeenterprises.co.in/wp-includes/template.php(770): require_once()
#1 /home/ezephyr3/kreativeenterprises.co.in/wp-includes/template.php(716): load_template('/home/ezephyr3/...', true, Array)
#2 /home/ezephyr3/kreativeenterprises.co.in/wp-includes/general-template.php(48): locate_template(Array, true, true, Array)
#3 /home/ezephyr3/kreativeenterprises.co.in/wp-content/themes/novo/template-landing.php(19): get_header()
#4 /home/ezephyr3/kreativeenterprises.co.in/wp-includes/template-loader.php(106): include('/home/ezephyr3/...')
#5 /home/ezephyr3/kreativeenterprises.co.in/wp-blog-header.php(19): require_once('/home/ezephyr3/...')
#6 /home/ezephyr3/kreativeenterprises.co.in/index.php(17): require('/home/ezephyr3/...')
#7 {main}
  thrown in /home/ezephyr3/kreativeenterprises.co.in/wp-content/themes/novo/header.php on line 3

2022-02-07T05:58:54+00:00 CRITICAL Uncaught Error: Call to undefined function yprm_get_theme_setting() in /home/ezephyr3/kreativeenterprises.co.in/wp-content/themes/novo/header.php:3
Stack trace:
#0 /home/ezephyr3/kreativeenterprises.co.in/wp-includes/template.php(770): require_once()
#1 /home/ezephyr3/kreativeenterprises.co.in/wp-includes/template.php(716): load_template('/home/ezephyr3/...', true, Array)
#2 /home/ezephyr3/kreativeenterprises.co.in/wp-includes/general-template.php(48): locate_template(Array, true, true, Array)
#3 /home/ezephyr3/kreativeenterprises.co.in/wp-content/themes/novo/template-landing.php(19): get_header()
#4 /home/ezephyr3/kreativeenterprises.co.in/wp-includes/template-loader.php(106): include('/home/ezephyr3/...')
#5 /home/ezephyr3/kreativeenterprises.co.in/wp-blog-header.php(19): require_once('/home/ezephyr3/...')
#6 /home/ezephyr3/kreativeenterprises.co.in/index.php(17): require('/home/ezephyr3/...')
#7 {main}
  thrown in /home/ezephyr3/kreativeenterprises.co.in/wp-content/themes/novo/header.php on line 3

2022-02-07T06:00:18+00:00 CRITICAL Uncaught Error: Call to undefined function yprm_get_theme_setting() in /home/ezephyr3/kreativeenterprises.co.in/wp-content/themes/novo/header.php:3
Stack trace:
#0 /home/ezephyr3/kreativeenterprises.co.in/wp-includes/template.php(770): require_once()
#1 /home/ezephyr3/kreativeenterprises.co.in/wp-includes/template.php(716): load_template('/home/ezephyr3/...', true, Array)
#2 /home/ezephyr3/kreativeenterprises.co.in/wp-includes/general-template.php(48): locate_template(Array, true, true, Array)
#3 /home/ezephyr3/kreativeenterprises.co.in/wp-content/themes/novo/template-landing.php(19): get_header()
#4 /home/ezephyr3/kreativeenterprises.co.in/wp-includes/template-loader.php(106): include('/home/ezephyr3/...')
#5 /home/ezephyr3/kreativeenterprises.co.in/wp-blog-header.php(19): require_once('/home/ezephyr3/...')
#6 /home/ezephyr3/kreativeenterprises.co.in/index.php(17): require('/home/ezephyr3/...')
#7 {main}
  thrown in /home/ezephyr3/kreativeenterprises.co.in/wp-content/themes/novo/header.php on line 3

2022-02-07T06:00:54+00:00 CRITICAL Uncaught Error: Call to undefined function yprm_get_theme_setting() in /home/ezephyr3/kreativeenterprises.co.in/wp-content/themes/novo/header.php:3
Stack trace:
#0 /home/ezephyr3/kreativeenterprises.co.in/wp-includes/template.php(770): require_once()
#1 /home/ezephyr3/kreativeenterprises.co.in/wp-includes/template.php(716): load_template('/home/ezephyr3/...', true, Array)
#2 /home/ezephyr3/kreativeenterprises.co.in/wp-includes/general-template.php(48): locate_template(Array, true, true, Array)
#3 /home/ezephyr3/kreativeenterprises.co.in/wp-content/themes/novo/template-landing.php(19): get_header()
#4 /home/ezephyr3/kreativeenterprises.co.in/wp-includes/template-loader.php(106): include('/home/ezephyr3/...')
#5 /home/ezephyr3/kreativeenterprises.co.in/wp-blog-header.php(19): require_once('/home/ezephyr3/...')
#6 /home/ezephyr3/kreativeenterprises.co.in/index.php(17): require('/home/ezephyr3/...')
#7 {main}
  thrown in /home/ezephyr3/kreativeenterprises.co.in/wp-content/themes/novo/header.php on line 3

2022-02-07T06:01:03+00:00 CRITICAL Uncaught Error: Call to undefined function yprm_get_theme_setting() in /home/ezephyr3/kreativeenterprises.co.in/wp-content/themes/novo/header.php:3
Stack trace:
#0 /home/ezephyr3/kreativeenterprises.co.in/wp-includes/template.php(770): require_once()
#1 /home/ezephyr3/kreativeenterprises.co.in/wp-includes/template.php(716): load_template('/home/ezephyr3/...', true, Array)
#2 /home/ezephyr3/kreativeenterprises.co.in/wp-includes/general-template.php(48): locate_template(Array, true, true, Array)
#3 /home/ezephyr3/kreativeenterprises.co.in/wp-content/themes/novo/template-landing.php(19): get_header()
#4 /home/ezephyr3/kreativeenterprises.co.in/wp-includes/template-loader.php(106): include('/home/ezephyr3/...')
#5 /home/ezephyr3/kreativeenterprises.co.in/wp-blog-header.php(19): require_once('/home/ezephyr3/...')
#6 /home/ezephyr3/kreativeenterprises.co.in/index.php(17): require('/home/ezephyr3/...')
#7 {main}
  thrown in /home/ezephyr3/kreativeenterprises.co.in/wp-content/themes/novo/header.php on line 3

2022-02-07T06:02:19+00:00 CRITICAL Uncaught Error: Call to undefined function yprm_get_theme_setting() in /home/ezephyr3/kreativeenterprises.co.in/wp-content/themes/novo/header.php:3
Stack trace:
#0 /home/ezephyr3/kreativeenterprises.co.in/wp-includes/template.php(770): require_once()
#1 /home/ezephyr3/kreativeenterprises.co.in/wp-includes/template.php(716): load_template('/home/ezephyr3/...', true, Array)
#2 /home/ezephyr3/kreativeenterprises.co.in/wp-includes/general-template.php(48): locate_template(Array, true, true, Array)
#3 /home/ezephyr3/kreativeenterprises.co.in/wp-content/themes/novo/template-landing.php(19): get_header()
#4 /home/ezephyr3/kreativeenterprises.co.in/wp-includes/template-loader.php(106): include('/home/ezephyr3/...')
#5 /home/ezephyr3/kreativeenterprises.co.in/wp-blog-header.php(19): require_once('/home/ezephyr3/...')
#6 /home/ezephyr3/kreativeenterprises.co.in/index.php(17): require('/home/ezephyr3/...')
#7 {main}
  thrown in /home/ezephyr3/kreativeenterprises.co.in/wp-content/themes/novo/header.php on line 3

2022-02-07T06:02:47+00:00 CRITICAL Uncaught Error: Call to undefined function yprm_get_theme_setting() in /home/ezephyr3/kreativeenterprises.co.in/wp-content/themes/novo/header.php:3
Stack trace:
#0 /home/ezephyr3/kreativeenterprises.co.in/wp-includes/template.php(770): require_once()
#1 /home/ezephyr3/kreativeenterprises.co.in/wp-includes/template.php(716): load_template('/home/ezephyr3/...', true, Array)
#2 /home/ezephyr3/kreativeenterprises.co.in/wp-includes/general-template.php(48): locate_template(Array, true, true, Array)
#3 /home/ezephyr3/kreativeenterprises.co.in/wp-content/themes/novo/template-landing.php(19): get_header()
#4 /home/ezephyr3/kreativeenterprises.co.in/wp-includes/template-loader.php(106): include('/home/ezephyr3/...')
#5 /home/ezephyr3/kreativeenterprises.co.in/wp-blog-header.php(19): require_once('/home/ezephyr3/...')
#6 /home/ezephyr3/kreativeenterprises.co.in/index.php(17): require('/home/ezephyr3/...')
#7 {main}
  thrown in /home/ezephyr3/kreativeenterprises.co.in/wp-content/themes/novo/header.php on line 3

2022-02-07T06:05:06+00:00 CRITICAL Uncaught Error: Call to undefined function yprm_get_theme_setting() in /home/ezephyr3/kreativeenterprises.co.in/wp-content/themes/novo/header.php:3
Stack trace:
#0 /home/ezephyr3/kreativeenterprises.co.in/wp-includes/template.php(770): require_once()
#1 /home/ezephyr3/kreativeenterprises.co.in/wp-includes/template.php(716): load_template('/home/ezephyr3/...', true, Array)
#2 /home/ezephyr3/kreativeenterprises.co.in/wp-includes/general-template.php(48): locate_template(Array, true, true, Array)
#3 /home/ezephyr3/kreativeenterprises.co.in/wp-content/themes/novo/template-landing.php(19): get_header()
#4 /home/ezephyr3/kreativeenterprises.co.in/wp-includes/template-loader.php(106): include('/home/ezephyr3/...')
#5 /home/ezephyr3/kreativeenterprises.co.in/wp-blog-header.php(19): require_once('/home/ezephyr3/...')
#6 /home/ezephyr3/kreativeenterprises.co.in/index.php(17): require('/home/ezephyr3/...')
#7 {main}
  thrown in /home/ezephyr3/kreativeenterprises.co.in/wp-content/themes/novo/header.php on line 3

2022-02-07T06:05:40+00:00 CRITICAL Uncaught Error: Call to undefined function yprm_get_theme_setting() in /home/ezephyr3/kreativeenterprises.co.in/wp-content/themes/novo/header.php:3
Stack trace:
#0 /home/ezephyr3/kreativeenterprises.co.in/wp-includes/template.php(770): require_once()
#1 /home/ezephyr3/kreativeenterprises.co.in/wp-includes/template.php(716): load_template('/home/ezephyr3/...', true, Array)
#2 /home/ezephyr3/kreativeenterprises.co.in/wp-includes/general-template.php(48): locate_template(Array, true, true, Array)
#3 /home/ezephyr3/kreativeenterprises.co.in/wp-content/themes/novo/template-landing.php(19): get_header()
#4 /home/ezephyr3/kreativeenterprises.co.in/wp-includes/template-loader.php(106): include('/home/ezephyr3/...')
#5 /home/ezephyr3/kreativeenterprises.co.in/wp-blog-header.php(19): require_once('/home/ezephyr3/...')
#6 /home/ezephyr3/kreativeenterprises.co.in/index.php(17): require('/home/ezephyr3/...')
#7 {main}
  thrown in /home/ezephyr3/kreativeenterprises.co.in/wp-content/themes/novo/header.php on line 3

2022-02-07T06:05:47+00:00 CRITICAL Uncaught Error: Call to undefined function register_field_group() in /home/ezephyr3/kreativeenterprises.co.in/wp-content/plugins/pt-novo-shortcodes/include/hooks.php:1588
Stack trace:
#0 /home/ezephyr3/kreativeenterprises.co.in/wp-content/plugins/pt-novo-shortcodes/addons.php(71): include_once()
#1 /home/ezephyr3/kreativeenterprises.co.in/wp-includes/class-wp-hook.php(307): YPRM_Novo_Addons->init('')
#2 /home/ezephyr3/kreativeenterprises.co.in/wp-includes/class-wp-hook.php(331): WP_Hook->apply_filters(NULL, Array)
#3 /home/ezephyr3/kreativeenterprises.co.in/wp-includes/plugin.php(474): WP_Hook->do_action(Array)
#4 /home/ezephyr3/kreativeenterprises.co.in/wp-settings.php(450): do_action('plugins_loaded')
#5 /home/ezephyr3/kreativeenterprises.co.in/wp-config.php(97): require_once('/home/ezephyr3/...')
#6 /home/ezephyr3/kreativeenterprises.co.in/wp-load.php(50): require_once('/home/ezephyr3/...')
#7 /home/ezephyr3/kreativeenterprises.co.in/wp-admin/admin.php(34): require_once('/home/ezephyr3/...')
#8 /home/ezeph in /home/ezephyr3/kreativeenterprises.co.in/wp-content/plugins/pt-novo-shortcodes/include/hooks.php on line 1588

2022-02-07T06:05:57+00:00 CRITICAL Uncaught Error: Call to undefined function register_field_group() in /home/ezephyr3/kreativeenterprises.co.in/wp-content/plugins/pt-novo-shortcodes/include/hooks.php:1588
Stack trace:
#0 /home/ezephyr3/kreativeenterprises.co.in/wp-content/plugins/pt-novo-shortcodes/addons.php(71): include_once()
#1 /home/ezephyr3/kreativeenterprises.co.in/wp-includes/class-wp-hook.php(307): YPRM_Novo_Addons->init('')
#2 /home/ezephyr3/kreativeenterprises.co.in/wp-includes/class-wp-hook.php(331): WP_Hook->apply_filters(NULL, Array)
#3 /home/ezephyr3/kreativeenterprises.co.in/wp-includes/plugin.php(474): WP_Hook->do_action(Array)
#4 /home/ezephyr3/kreativeenterprises.co.in/wp-settings.php(450): do_action('plugins_loaded')
#5 /home/ezephyr3/kreativeenterprises.co.in/wp-config.php(97): require_once('/home/ezephyr3/...')
#6 /home/ezephyr3/kreativeenterprises.co.in/wp-load.php(50): require_once('/home/ezephyr3/...')
#7 /home/ezephyr3/kreativeenterprises.co.in/wp-admin/admin.php(34): require_once('/home/ezephyr3/...')
#8 /home/ezeph in /home/ezephyr3/kreativeenterprises.co.in/wp-content/plugins/pt-novo-shortcodes/include/hooks.php on line 1588

2022-02-07T06:06:09+00:00 CRITICAL Uncaught Error: Call to undefined function register_field_group() in /home/ezephyr3/kreativeenterprises.co.in/wp-content/plugins/pt-novo-shortcodes/include/hooks.php:1588
Stack trace:
#0 /home/ezephyr3/kreativeenterprises.co.in/wp-content/plugins/pt-novo-shortcodes/addons.php(71): include_once()
#1 /home/ezephyr3/kreativeenterprises.co.in/wp-includes/class-wp-hook.php(307): YPRM_Novo_Addons->init('')
#2 /home/ezephyr3/kreativeenterprises.co.in/wp-includes/class-wp-hook.php(331): WP_Hook->apply_filters(NULL, Array)
#3 /home/ezephyr3/kreativeenterprises.co.in/wp-includes/plugin.php(474): WP_Hook->do_action(Array)
#4 /home/ezephyr3/kreativeenterprises.co.in/wp-settings.php(450): do_action('plugins_loaded')
#5 /home/ezephyr3/kreativeenterprises.co.in/wp-config.php(97): require_once('/home/ezephyr3/...')
#6 /home/ezephyr3/kreativeenterprises.co.in/wp-load.php(50): require_once('/home/ezephyr3/...')
#7 /home/ezephyr3/kreativeenterprises.co.in/wp-admin/admin.php(34): require_once('/home/ezephyr3/...')
#8 /home/ezeph in /home/ezephyr3/kreativeenterprises.co.in/wp-content/plugins/pt-novo-shortcodes/include/hooks.php on line 1588

2022-02-07T06:06:14+00:00 CRITICAL Uncaught Error: Call to undefined function register_field_group() in /home/ezephyr3/kreativeenterprises.co.in/wp-content/plugins/pt-novo-shortcodes/include/hooks.php:1588
Stack trace:
#0 /home/ezephyr3/kreativeenterprises.co.in/wp-content/plugins/pt-novo-shortcodes/addons.php(71): include_once()
#1 /home/ezephyr3/kreativeenterprises.co.in/wp-includes/class-wp-hook.php(307): YPRM_Novo_Addons->init('')
#2 /home/ezephyr3/kreativeenterprises.co.in/wp-includes/class-wp-hook.php(331): WP_Hook->apply_filters(NULL, Array)
#3 /home/ezephyr3/kreativeenterprises.co.in/wp-includes/plugin.php(474): WP_Hook->do_action(Array)
#4 /home/ezephyr3/kreativeenterprises.co.in/wp-settings.php(450): do_action('plugins_loaded')
#5 /home/ezephyr3/kreativeenterprises.co.in/wp-config.php(97): require_once('/home/ezephyr3/...')
#6 /home/ezephyr3/kreativeenterprises.co.in/wp-load.php(50): require_once('/home/ezephyr3/...')
#7 /home/ezephyr3/kreativeenterprises.co.in/wp-admin/admin.php(34): require_once('/home/ezephyr3/...')
#8 /home/ezeph in /home/ezephyr3/kreativeenterprises.co.in/wp-content/plugins/pt-novo-shortcodes/include/hooks.php on line 1588

2022-02-07T06:06:18+00:00 CRITICAL Uncaught Error: Call to undefined function register_field_group() in /home/ezephyr3/kreativeenterprises.co.in/wp-content/plugins/pt-novo-shortcodes/include/hooks.php:1588
Stack trace:
#0 /home/ezephyr3/kreativeenterprises.co.in/wp-content/plugins/pt-novo-shortcodes/addons.php(71): include_once()
#1 /home/ezephyr3/kreativeenterprises.co.in/wp-includes/class-wp-hook.php(307): YPRM_Novo_Addons->init('')
#2 /home/ezephyr3/kreativeenterprises.co.in/wp-includes/class-wp-hook.php(331): WP_Hook->apply_filters(NULL, Array)
#3 /home/ezephyr3/kreativeenterprises.co.in/wp-includes/plugin.php(474): WP_Hook->do_action(Array)
#4 /home/ezephyr3/kreativeenterprises.co.in/wp-settings.php(450): do_action('plugins_loaded')
#5 /home/ezephyr3/kreativeenterprises.co.in/wp-config.php(97): require_once('/home/ezephyr3/...')
#6 /home/ezephyr3/kreativeenterprises.co.in/wp-load.php(50): require_once('/home/ezephyr3/...')
#7 /home/ezephyr3/kreativeenterprises.co.in/wp-admin/admin.php(34): require_once('/home/ezephyr3/...')
#8 /home/ezeph in /home/ezephyr3/kreativeenterprises.co.in/wp-content/plugins/pt-novo-shortcodes/include/hooks.php on line 1588

2022-02-07T06:06:24+00:00 CRITICAL Uncaught Error: Call to undefined function register_field_group() in /home/ezephyr3/kreativeenterprises.co.in/wp-content/plugins/pt-novo-shortcodes/include/hooks.php:1588
Stack trace:
#0 /home/ezephyr3/kreativeenterprises.co.in/wp-content/plugins/pt-novo-shortcodes/addons.php(71): include_once()
#1 /home/ezephyr3/kreativeenterprises.co.in/wp-includes/class-wp-hook.php(307): YPRM_Novo_Addons->init('')
#2 /home/ezephyr3/kreativeenterprises.co.in/wp-includes/class-wp-hook.php(331): WP_Hook->apply_filters(NULL, Array)
#3 /home/ezephyr3/kreativeenterprises.co.in/wp-includes/plugin.php(474): WP_Hook->do_action(Array)
#4 /home/ezephyr3/kreativeenterprises.co.in/wp-settings.php(450): do_action('plugins_loaded')
#5 /home/ezephyr3/kreativeenterprises.co.in/wp-config.php(97): require_once('/home/ezephyr3/...')
#6 /home/ezephyr3/kreativeenterprises.co.in/wp-load.php(50): require_once('/home/ezephyr3/...')
#7 /home/ezephyr3/kreativeenterprises.co.in/wp-admin/admin.php(34): require_once('/home/ezephyr3/...')
#8 /home/ezeph in /home/ezephyr3/kreativeenterprises.co.in/wp-content/plugins/pt-novo-shortcodes/include/hooks.php on line 1588

2022-02-07T06:07:22+00:00 CRITICAL Uncaught Error: Call to undefined function register_field_group() in /home/ezephyr3/kreativeenterprises.co.in/wp-content/plugins/pt-novo-shortcodes/include/hooks.php:1588
Stack trace:
#0 /home/ezephyr3/kreativeenterprises.co.in/wp-content/plugins/pt-novo-shortcodes/addons.php(71): include_once()
#1 /home/ezephyr3/kreativeenterprises.co.in/wp-includes/class-wp-hook.php(307): YPRM_Novo_Addons->init('')
#2 /home/ezephyr3/kreativeenterprises.co.in/wp-includes/class-wp-hook.php(331): WP_Hook->apply_filters(NULL, Array)
#3 /home/ezephyr3/kreativeenterprises.co.in/wp-includes/plugin.php(474): WP_Hook->do_action(Array)
#4 /home/ezephyr3/kreativeenterprises.co.in/wp-settings.php(450): do_action('plugins_loaded')
#5 /home/ezephyr3/kreativeenterprises.co.in/wp-config.php(97): require_once('/home/ezephyr3/...')
#6 /home/ezephyr3/kreativeenterprises.co.in/wp-load.php(50): require_once('/home/ezephyr3/...')
#7 /home/ezephyr3/kreativeenterprises.co.in/wp-admin/admin.php(34): require_once('/home/ezephyr3/...')
#8 /home/ezeph in /home/ezephyr3/kreativeenterprises.co.in/wp-content/plugins/pt-novo-shortcodes/include/hooks.php on line 1588

2022-02-07T06:08:45+00:00 CRITICAL Uncaught Error: Call to undefined function register_field_group() in /home/ezephyr3/kreativeenterprises.co.in/wp-content/plugins/pt-novo-shortcodes/include/hooks.php:1588
Stack trace:
#0 /home/ezephyr3/kreativeenterprises.co.in/wp-content/plugins/pt-novo-shortcodes/addons.php(71): include_once()
#1 /home/ezephyr3/kreativeenterprises.co.in/wp-includes/class-wp-hook.php(307): YPRM_Novo_Addons->init('')
#2 /home/ezephyr3/kreativeenterprises.co.in/wp-includes/class-wp-hook.php(331): WP_Hook->apply_filters(NULL, Array)
#3 /home/ezephyr3/kreativeenterprises.co.in/wp-includes/plugin.php(474): WP_Hook->do_action(Array)
#4 /home/ezephyr3/kreativeenterprises.co.in/wp-settings.php(450): do_action('plugins_loaded')
#5 /home/ezephyr3/kreativeenterprises.co.in/wp-config.php(97): require_once('/home/ezephyr3/...')
#6 /home/ezephyr3/kreativeenterprises.co.in/wp-load.php(50): require_once('/home/ezephyr3/...')
#7 /home/ezephyr3/kreativeenterprises.co.in/wp-blog-header.php(13): require_once('/home/ezephyr3/...')
#8 /home/ezeph in /home/ezephyr3/kreativeenterprises.co.in/wp-content/plugins/pt-novo-shortcodes/include/hooks.php on line 1588

2022-02-07T06:09:00+00:00 CRITICAL Uncaught Error: Call to undefined function register_field_group() in /home/ezephyr3/kreativeenterprises.co.in/wp-content/plugins/pt-novo-shortcodes/include/hooks.php:1588
Stack trace:
#0 /home/ezephyr3/kreativeenterprises.co.in/wp-content/plugins/pt-novo-shortcodes/addons.php(71): include_once()
#1 /home/ezephyr3/kreativeenterprises.co.in/wp-includes/class-wp-hook.php(307): YPRM_Novo_Addons->init('')
#2 /home/ezephyr3/kreativeenterprises.co.in/wp-includes/class-wp-hook.php(331): WP_Hook->apply_filters(NULL, Array)
#3 /home/ezephyr3/kreativeenterprises.co.in/wp-includes/plugin.php(474): WP_Hook->do_action(Array)
#4 /home/ezephyr3/kreativeenterprises.co.in/wp-settings.php(450): do_action('plugins_loaded')
#5 /home/ezephyr3/kreativeenterprises.co.in/wp-config.php(97): require_once('/home/ezephyr3/...')
#6 /home/ezephyr3/kreativeenterprises.co.in/wp-load.php(50): require_once('/home/ezephyr3/...')
#7 /home/ezephyr3/kreativeenterprises.co.in/wp-admin/admin.php(34): require_once('/home/ezephyr3/...')
#8 /home/ezeph in /home/ezephyr3/kreativeenterprises.co.in/wp-content/plugins/pt-novo-shortcodes/include/hooks.php on line 1588

2022-02-07T06:09:22+00:00 CRITICAL Uncaught Error: Call to undefined function register_field_group() in /home/ezephyr3/kreativeenterprises.co.in/wp-content/plugins/pt-novo-shortcodes/include/hooks.php:1588
Stack trace:
#0 /home/ezephyr3/kreativeenterprises.co.in/wp-content/plugins/pt-novo-shortcodes/addons.php(71): include_once()
#1 /home/ezephyr3/kreativeenterprises.co.in/wp-includes/class-wp-hook.php(307): YPRM_Novo_Addons->init('')
#2 /home/ezephyr3/kreativeenterprises.co.in/wp-includes/class-wp-hook.php(331): WP_Hook->apply_filters(NULL, Array)
#3 /home/ezephyr3/kreativeenterprises.co.in/wp-includes/plugin.php(474): WP_Hook->do_action(Array)
#4 /home/ezephyr3/kreativeenterprises.co.in/wp-settings.php(450): do_action('plugins_loaded')
#5 /home/ezephyr3/kreativeenterprises.co.in/wp-config.php(97): require_once('/home/ezephyr3/...')
#6 /home/ezephyr3/kreativeenterprises.co.in/wp-load.php(50): require_once('/home/ezephyr3/...')
#7 /home/ezephyr3/kreativeenterprises.co.in/wp-blog-header.php(13): require_once('/home/ezephyr3/...')
#8 /home/ezeph in /home/ezephyr3/kreativeenterprises.co.in/wp-content/plugins/pt-novo-shortcodes/include/hooks.php on line 1588

2022-02-07T06:17:21+00:00 CRITICAL Uncaught Error: Call to undefined function register_field_group() in /home/ezephyr3/kreativeenterprises.co.in/wp-content/plugins/pt-novo-shortcodes/include/hooks.php:1588
Stack trace:
#0 /home/ezephyr3/kreativeenterprises.co.in/wp-content/plugins/pt-novo-shortcodes/addons.php(71): include_once()
#1 /home/ezephyr3/kreativeenterprises.co.in/wp-includes/class-wp-hook.php(307): YPRM_Novo_Addons->init('')
#2 /home/ezephyr3/kreativeenterprises.co.in/wp-includes/class-wp-hook.php(331): WP_Hook->apply_filters(NULL, Array)
#3 /home/ezephyr3/kreativeenterprises.co.in/wp-includes/plugin.php(474): WP_Hook->do_action(Array)
#4 /home/ezephyr3/kreativeenterprises.co.in/wp-settings.php(450): do_action('plugins_loaded')
#5 /home/ezephyr3/kreativeenterprises.co.in/wp-config.php(97): require_once('/home/ezephyr3/...')
#6 /home/ezephyr3/kreativeenterprises.co.in/wp-load.php(50): require_once('/home/ezephyr3/...')
#7 /home/ezephyr3/kreativeenterprises.co.in/wp-blog-header.php(13): require_once('/home/ezephyr3/...')
#8 /home/ezeph in /home/ezephyr3/kreativeenterprises.co.in/wp-content/plugins/pt-novo-shortcodes/include/hooks.php on line 1588

2022-02-07T06:19:35+00:00 CRITICAL Uncaught Error: Call to undefined function register_field_group() in /home/ezephyr3/kreativeenterprises.co.in/wp-content/plugins/pt-novo-shortcodes/include/hooks.php:1588
Stack trace:
#0 /home/ezephyr3/kreativeenterprises.co.in/wp-content/plugins/pt-novo-shortcodes/addons.php(71): include_once()
#1 /home/ezephyr3/kreativeenterprises.co.in/wp-includes/class-wp-hook.php(307): YPRM_Novo_Addons->init('')
#2 /home/ezephyr3/kreativeenterprises.co.in/wp-includes/class-wp-hook.php(331): WP_Hook->apply_filters(NULL, Array)
#3 /home/ezephyr3/kreativeenterprises.co.in/wp-includes/plugin.php(474): WP_Hook->do_action(Array)
#4 /home/ezephyr3/kreativeenterprises.co.in/wp-settings.php(450): do_action('plugins_loaded')
#5 /home/ezephyr3/kreativeenterprises.co.in/wp-config.php(97): require_once('/home/ezephyr3/...')
#6 /home/ezephyr3/kreativeenterprises.co.in/wp-load.php(50): require_once('/home/ezephyr3/...')
#7 /home/ezephyr3/kreativeenterprises.co.in/wp-blog-header.php(13): require_once('/home/ezephyr3/...')
#8 /home/ezeph in /home/ezephyr3/kreativeenterprises.co.in/wp-content/plugins/pt-novo-shortcodes/include/hooks.php on line 1588

2022-02-07T06:22:14+00:00 CRITICAL Uncaught Error: Call to undefined function register_field_group() in /home/ezephyr3/kreativeenterprises.co.in/wp-content/plugins/pt-novo-shortcodes/include/hooks.php:1588
Stack trace:
#0 /home/ezephyr3/kreativeenterprises.co.in/wp-content/plugins/pt-novo-shortcodes/addons.php(71): include_once()
#1 /home/ezephyr3/kreativeenterprises.co.in/wp-includes/class-wp-hook.php(307): YPRM_Novo_Addons->init('')
#2 /home/ezephyr3/kreativeenterprises.co.in/wp-includes/class-wp-hook.php(331): WP_Hook->apply_filters(NULL, Array)
#3 /home/ezephyr3/kreativeenterprises.co.in/wp-includes/plugin.php(474): WP_Hook->do_action(Array)
#4 /home/ezephyr3/kreativeenterprises.co.in/wp-settings.php(450): do_action('plugins_loaded')
#5 /home/ezephyr3/kreativeenterprises.co.in/wp-config.php(97): require_once('/home/ezephyr3/...')
#6 /home/ezephyr3/kreativeenterprises.co.in/wp-load.php(50): require_once('/home/ezephyr3/...')
#7 /home/ezephyr3/kreativeenterprises.co.in/wp-blog-header.php(13): require_once('/home/ezephyr3/...')
#8 /home/ezeph in /home/ezephyr3/kreativeenterprises.co.in/wp-content/plugins/pt-novo-shortcodes/include/hooks.php on line 1588

2022-02-07T06:22:19+00:00 CRITICAL Uncaught Error: Call to undefined function register_field_group() in /home/ezephyr3/kreativeenterprises.co.in/wp-content/plugins/pt-novo-shortcodes/include/hooks.php:1588
Stack trace:
#0 /home/ezephyr3/kreativeenterprises.co.in/wp-content/plugins/pt-novo-shortcodes/addons.php(71): include_once()
#1 /home/ezephyr3/kreativeenterprises.co.in/wp-includes/class-wp-hook.php(307): YPRM_Novo_Addons->init('')
#2 /home/ezephyr3/kreativeenterprises.co.in/wp-includes/class-wp-hook.php(331): WP_Hook->apply_filters(NULL, Array)
#3 /home/ezephyr3/kreativeenterprises.co.in/wp-includes/plugin.php(474): WP_Hook->do_action(Array)
#4 /home/ezephyr3/kreativeenterprises.co.in/wp-settings.php(450): do_action('plugins_loaded')
#5 /home/ezephyr3/kreativeenterprises.co.in/wp-config.php(97): require_once('/home/ezephyr3/...')
#6 /home/ezephyr3/kreativeenterprises.co.in/wp-load.php(50): require_once('/home/ezephyr3/...')
#7 /home/ezephyr3/kreativeenterprises.co.in/wp-blog-header.php(13): require_once('/home/ezephyr3/...')
#8 /home/ezeph in /home/ezephyr3/kreativeenterprises.co.in/wp-content/plugins/pt-novo-shortcodes/include/hooks.php on line 1588

2022-02-07T06:28:11+00:00 CRITICAL Uncaught Error: Call to undefined function register_field_group() in /home/ezephyr3/kreativeenterprises.co.in/wp-content/plugins/pt-novo-shortcodes/include/hooks.php:1588
Stack trace:
#0 /home/ezephyr3/kreativeenterprises.co.in/wp-content/plugins/pt-novo-shortcodes/addons.php(71): include_once()
#1 /home/ezephyr3/kreativeenterprises.co.in/wp-includes/class-wp-hook.php(307): YPRM_Novo_Addons->init('')
#2 /home/ezephyr3/kreativeenterprises.co.in/wp-includes/class-wp-hook.php(331): WP_Hook->apply_filters(NULL, Array)
#3 /home/ezephyr3/kreativeenterprises.co.in/wp-includes/plugin.php(474): WP_Hook->do_action(Array)
#4 /home/ezephyr3/kreativeenterprises.co.in/wp-settings.php(450): do_action('plugins_loaded')
#5 /home/ezephyr3/kreativeenterprises.co.in/wp-config.php(97): require_once('/home/ezephyr3/...')
#6 /home/ezephyr3/kreativeenterprises.co.in/wp-load.php(50): require_once('/home/ezephyr3/...')
#7 /home/ezephyr3/kreativeenterprises.co.in/wp-blog-header.php(13): require_once('/home/ezephyr3/...')
#8 /home/ezeph in /home/ezephyr3/kreativeenterprises.co.in/wp-content/plugins/pt-novo-shortcodes/include/hooks.php on line 1588

2022-02-07T06:32:15+00:00 CRITICAL Uncaught Error: Call to undefined function register_field_group() in /home/ezephyr3/kreativeenterprises.co.in/wp-content/plugins/pt-novo-shortcodes/include/hooks.php:1588
Stack trace:
#0 /home/ezephyr3/kreativeenterprises.co.in/wp-content/plugins/pt-novo-shortcodes/addons.php(71): include_once()
#1 /home/ezephyr3/kreativeenterprises.co.in/wp-includes/class-wp-hook.php(307): YPRM_Novo_Addons->init('')
#2 /home/ezephyr3/kreativeenterprises.co.in/wp-includes/class-wp-hook.php(331): WP_Hook->apply_filters(NULL, Array)
#3 /home/ezephyr3/kreativeenterprises.co.in/wp-includes/plugin.php(474): WP_Hook->do_action(Array)
#4 /home/ezephyr3/kreativeenterprises.co.in/wp-settings.php(450): do_action('plugins_loaded')
#5 /home/ezephyr3/kreativeenterprises.co.in/wp-config.php(97): require_once('/home/ezephyr3/...')
#6 /home/ezephyr3/kreativeenterprises.co.in/wp-load.php(50): require_once('/home/ezephyr3/...')
#7 /home/ezephyr3/kreativeenterprises.co.in/wp-blog-header.php(13): require_once('/home/ezephyr3/...')
#8 /home/ezeph in /home/ezephyr3/kreativeenterprises.co.in/wp-content/plugins/pt-novo-shortcodes/include/hooks.php on line 1588

2022-02-07T06:45:53+00:00 CRITICAL Uncaught Error: Call to undefined function register_field_group() in /home/ezephyr3/kreativeenterprises.co.in/wp-content/plugins/pt-novo-shortcodes/include/hooks.php:1588
Stack trace:
#0 /home/ezephyr3/kreativeenterprises.co.in/wp-content/plugins/pt-novo-shortcodes/addons.php(71): include_once()
#1 /home/ezephyr3/kreativeenterprises.co.in/wp-includes/class-wp-hook.php(307): YPRM_Novo_Addons->init('')
#2 /home/ezephyr3/kreativeenterprises.co.in/wp-includes/class-wp-hook.php(331): WP_Hook->apply_filters(NULL, Array)
#3 /home/ezephyr3/kreativeenterprises.co.in/wp-includes/plugin.php(474): WP_Hook->do_action(Array)
#4 /home/ezephyr3/kreativeenterprises.co.in/wp-settings.php(450): do_action('plugins_loaded')
#5 /home/ezephyr3/kreativeenterprises.co.in/wp-config.php(97): require_once('/home/ezephyr3/...')
#6 /home/ezephyr3/kreativeenterprises.co.in/wp-load.php(50): require_once('/home/ezephyr3/...')
#7 /home/ezephyr3/kreativeenterprises.co.in/wp-blog-header.php(13): require_once('/home/ezephyr3/...')
#8 /home/ezeph in /home/ezephyr3/kreativeenterprises.co.in/wp-content/plugins/pt-novo-shortcodes/include/hooks.php on line 1588

2022-02-07T06:49:24+00:00 CRITICAL Uncaught Error: Call to undefined function yprm_get_theme_setting() in /home/ezephyr3/kreativeenterprises.co.in/wp-content/themes/novo/header.php:3
Stack trace:
#0 /home/ezephyr3/kreativeenterprises.co.in/wp-includes/template.php(770): require_once()
#1 /home/ezephyr3/kreativeenterprises.co.in/wp-includes/template.php(716): load_template('/home/ezephyr3/...', true, Array)
#2 /home/ezephyr3/kreativeenterprises.co.in/wp-includes/general-template.php(48): locate_template(Array, true, true, Array)
#3 /home/ezephyr3/kreativeenterprises.co.in/wp-content/themes/novo/template-landing.php(19): get_header()
#4 /home/ezephyr3/kreativeenterprises.co.in/wp-includes/template-loader.php(106): include('/home/ezephyr3/...')
#5 /home/ezephyr3/kreativeenterprises.co.in/wp-blog-header.php(19): require_once('/home/ezephyr3/...')
#6 /home/ezephyr3/kreativeenterprises.co.in/index.php(17): require('/home/ezephyr3/...')
#7 {main}
  thrown in /home/ezephyr3/kreativeenterprises.co.in/wp-content/themes/novo/header.php on line 3

2022-02-07T06:49:25+00:00 CRITICAL Uncaught Error: Call to undefined function yprm_get_theme_setting() in /home/ezephyr3/kreativeenterprises.co.in/wp-content/themes/novo/header.php:3
Stack trace:
#0 /home/ezephyr3/kreativeenterprises.co.in/wp-includes/template.php(770): require_once()
#1 /home/ezephyr3/kreativeenterprises.co.in/wp-includes/template.php(716): load_template('/home/ezephyr3/...', true, Array)
#2 /home/ezephyr3/kreativeenterprises.co.in/wp-includes/general-template.php(48): locate_template(Array, true, true, Array)
#3 /home/ezephyr3/kreativeenterprises.co.in/wp-content/themes/novo/template-landing.php(19): get_header()
#4 /home/ezephyr3/kreativeenterprises.co.in/wp-includes/template-loader.php(106): include('/home/ezephyr3/...')
#5 /home/ezephyr3/kreativeenterprises.co.in/wp-blog-header.php(19): require_once('/home/ezephyr3/...')
#6 /home/ezephyr3/kreativeenterprises.co.in/index.php(17): require('/home/ezephyr3/...')
#7 {main}
  thrown in /home/ezephyr3/kreativeenterprises.co.in/wp-content/themes/novo/header.php on line 3

2022-02-07T06:49:27+00:00 CRITICAL Uncaught Error: Call to undefined function yprm_get_theme_setting() in /home/ezephyr3/kreativeenterprises.co.in/wp-content/themes/novo/header.php:3
Stack trace:
#0 /home/ezephyr3/kreativeenterprises.co.in/wp-includes/template.php(770): require_once()
#1 /home/ezephyr3/kreativeenterprises.co.in/wp-includes/template.php(716): load_template('/home/ezephyr3/...', true, Array)
#2 /home/ezephyr3/kreativeenterprises.co.in/wp-includes/general-template.php(48): locate_template(Array, true, true, Array)
#3 /home/ezephyr3/kreativeenterprises.co.in/wp-content/themes/novo/template-landing.php(19): get_header()
#4 /home/ezephyr3/kreativeenterprises.co.in/wp-includes/template-loader.php(106): include('/home/ezephyr3/...')
#5 /home/ezephyr3/kreativeenterprises.co.in/wp-blog-header.php(19): require_once('/home/ezephyr3/...')
#6 /home/ezephyr3/kreativeenterprises.co.in/index.php(17): require('/home/ezephyr3/...')
#7 {main}
  thrown in /home/ezephyr3/kreativeenterprises.co.in/wp-content/themes/novo/header.php on line 3

2022-02-07T06:51:52+00:00 CRITICAL Uncaught Error: Call to undefined function yprm_get_theme_setting() in /home/ezephyr3/kreativeenterprises.co.in/wp-content/themes/novo/header.php:3
Stack trace:
#0 /home/ezephyr3/kreativeenterprises.co.in/wp-includes/template.php(770): require_once()
#1 /home/ezephyr3/kreativeenterprises.co.in/wp-includes/template.php(716): load_template('/home/ezephyr3/...', true, Array)
#2 /home/ezephyr3/kreativeenterprises.co.in/wp-includes/general-template.php(48): locate_template(Array, true, true, Array)
#3 /home/ezephyr3/kreativeenterprises.co.in/wp-content/themes/novo/template-landing.php(19): get_header()
#4 /home/ezephyr3/kreativeenterprises.co.in/wp-includes/template-loader.php(106): include('/home/ezephyr3/...')
#5 /home/ezephyr3/kreativeenterprises.co.in/wp-blog-header.php(19): require_once('/home/ezephyr3/...')
#6 /home/ezephyr3/kreativeenterprises.co.in/index.php(17): require('/home/ezephyr3/...')
#7 {main}
  thrown in /home/ezephyr3/kreativeenterprises.co.in/wp-content/themes/novo/header.php on line 3

2022-02-07T06:52:53+00:00 CRITICAL Uncaught Error: Call to undefined function yprm_get_theme_setting() in /home/ezephyr3/kreativeenterprises.co.in/wp-content/themes/novo/header.php:3
Stack trace:
#0 /home/ezephyr3/kreativeenterprises.co.in/wp-includes/template.php(770): require_once()
#1 /home/ezephyr3/kreativeenterprises.co.in/wp-includes/template.php(716): load_template('/home/ezephyr3/...', true, Array)
#2 /home/ezephyr3/kreativeenterprises.co.in/wp-includes/general-template.php(48): locate_template(Array, true, true, Array)
#3 /home/ezephyr3/kreativeenterprises.co.in/wp-content/themes/novo/template-landing.php(19): get_header()
#4 /home/ezephyr3/kreativeenterprises.co.in/wp-includes/template-loader.php(106): include('/home/ezephyr3/...')
#5 /home/ezephyr3/kreativeenterprises.co.in/wp-blog-header.php(19): require_once('/home/ezephyr3/...')
#6 /home/ezephyr3/kreativeenterprises.co.in/index.php(17): require('/home/ezephyr3/...')
#7 {main}
  thrown in /home/ezephyr3/kreativeenterprises.co.in/wp-content/themes/novo/header.php on line 3

2022-02-07T06:54:57+00:00 CRITICAL Uncaught Error: Call to undefined function yprm_get_theme_setting() in /home/ezephyr3/kreativeenterprises.co.in/wp-content/themes/novo/header.php:3
Stack trace:
#0 /home/ezephyr3/kreativeenterprises.co.in/wp-includes/template.php(770): require_once()
#1 /home/ezephyr3/kreativeenterprises.co.in/wp-includes/template.php(716): load_template('/home/ezephyr3/...', true, Array)
#2 /home/ezephyr3/kreativeenterprises.co.in/wp-includes/general-template.php(48): locate_template(Array, true, true, Array)
#3 /home/ezephyr3/kreativeenterprises.co.in/wp-content/themes/novo/template-landing.php(19): get_header()
#4 /home/ezephyr3/kreativeenterprises.co.in/wp-includes/template-loader.php(106): include('/home/ezephyr3/...')
#5 /home/ezephyr3/kreativeenterprises.co.in/wp-blog-header.php(19): require_once('/home/ezephyr3/...')
#6 /home/ezephyr3/kreativeenterprises.co.in/index.php(17): require('/home/ezephyr3/...')
#7 {main}
  thrown in /home/ezephyr3/kreativeenterprises.co.in/wp-content/themes/novo/header.php on line 3

2022-02-07T06:57:28+00:00 CRITICAL Uncaught Error: Call to undefined function yprm_get_theme_setting() in /home/ezephyr3/kreativeenterprises.co.in/wp-content/themes/novo/header.php:3
Stack trace:
#0 /home/ezephyr3/kreativeenterprises.co.in/wp-includes/template.php(770): require_once()
#1 /home/ezephyr3/kreativeenterprises.co.in/wp-includes/template.php(716): load_template('/home/ezephyr3/...', true, Array)
#2 /home/ezephyr3/kreativeenterprises.co.in/wp-includes/general-template.php(48): locate_template(Array, true, true, Array)
#3 /home/ezephyr3/kreativeenterprises.co.in/wp-content/themes/novo/template-landing.php(19): get_header()
#4 /home/ezephyr3/kreativeenterprises.co.in/wp-includes/template-loader.php(106): include('/home/ezephyr3/...')
#5 /home/ezephyr3/kreativeenterprises.co.in/wp-blog-header.php(19): require_once('/home/ezephyr3/...')
#6 /home/ezephyr3/kreativeenterprises.co.in/index.php(17): require('/home/ezephyr3/...')
#7 {main}
  thrown in /home/ezephyr3/kreativeenterprises.co.in/wp-content/themes/novo/header.php on line 3

2022-02-07T07:05:22+00:00 CRITICAL Uncaught Error: Call to undefined function yprm_get_theme_setting() in /home/ezephyr3/kreativeenterprises.co.in/wp-content/themes/novo/header.php:3
Stack trace:
#0 /home/ezephyr3/kreativeenterprises.co.in/wp-includes/template.php(770): require_once()
#1 /home/ezephyr3/kreativeenterprises.co.in/wp-includes/template.php(716): load_template('/home/ezephyr3/...', true, Array)
#2 /home/ezephyr3/kreativeenterprises.co.in/wp-includes/general-template.php(48): locate_template(Array, true, true, Array)
#3 /home/ezephyr3/kreativeenterprises.co.in/wp-content/themes/novo/template-landing.php(19): get_header()
#4 /home/ezephyr3/kreativeenterprises.co.in/wp-includes/template-loader.php(106): include('/home/ezephyr3/...')
#5 /home/ezephyr3/kreativeenterprises.co.in/wp-blog-header.php(19): require_once('/home/ezephyr3/...')
#6 /home/ezephyr3/kreativeenterprises.co.in/index.php(17): require('/home/ezephyr3/...')
#7 {main}
  thrown in /home/ezephyr3/kreativeenterprises.co.in/wp-content/themes/novo/header.php on line 3

2022-02-07T07:05:27+00:00 CRITICAL Uncaught Error: Call to undefined function yprm_get_theme_setting() in /home/ezephyr3/kreativeenterprises.co.in/wp-content/themes/novo/header.php:3
Stack trace:
#0 /home/ezephyr3/kreativeenterprises.co.in/wp-includes/template.php(770): require_once()
#1 /home/ezephyr3/kreativeenterprises.co.in/wp-includes/template.php(716): load_template('/home/ezephyr3/...', true, Array)
#2 /home/ezephyr3/kreativeenterprises.co.in/wp-includes/general-template.php(48): locate_template(Array, true, true, Array)
#3 /home/ezephyr3/kreativeenterprises.co.in/wp-content/themes/novo/template-landing.php(19): get_header()
#4 /home/ezephyr3/kreativeenterprises.co.in/wp-includes/template-loader.php(106): include('/home/ezephyr3/...')
#5 /home/ezephyr3/kreativeenterprises.co.in/wp-blog-header.php(19): require_once('/home/ezephyr3/...')
#6 /home/ezephyr3/kreativeenterprises.co.in/index.php(17): require('/home/ezephyr3/...')
#7 {main}
  thrown in /home/ezephyr3/kreativeenterprises.co.in/wp-content/themes/novo/header.php on line 3

2022-02-07T07:05:30+00:00 CRITICAL Uncaught Error: Call to undefined function yprm_get_theme_setting() in /home/ezephyr3/kreativeenterprises.co.in/wp-content/themes/novo/header.php:3
Stack trace:
#0 /home/ezephyr3/kreativeenterprises.co.in/wp-includes/template.php(770): require_once()
#1 /home/ezephyr3/kreativeenterprises.co.in/wp-includes/template.php(716): load_template('/home/ezephyr3/...', true, Array)
#2 /home/ezephyr3/kreativeenterprises.co.in/wp-includes/general-template.php(48): locate_template(Array, true, true, Array)
#3 /home/ezephyr3/kreativeenterprises.co.in/wp-content/themes/novo/template-landing.php(19): get_header()
#4 /home/ezephyr3/kreativeenterprises.co.in/wp-includes/template-loader.php(106): include('/home/ezephyr3/...')
#5 /home/ezephyr3/kreativeenterprises.co.in/wp-blog-header.php(19): require_once('/home/ezephyr3/...')
#6 /home/ezephyr3/kreativeenterprises.co.in/index.php(17): require('/home/ezephyr3/...')
#7 {main}
  thrown in /home/ezephyr3/kreativeenterprises.co.in/wp-content/themes/novo/header.php on line 3

2022-02-07T07:05:58+00:00 CRITICAL Uncaught Error: Call to undefined function yprm_get_theme_setting() in /home/ezephyr3/kreativeenterprises.co.in/wp-content/themes/novo/header.php:3
Stack trace:
#0 /home/ezephyr3/kreativeenterprises.co.in/wp-includes/template.php(770): require_once()
#1 /home/ezephyr3/kreativeenterprises.co.in/wp-includes/template.php(716): load_template('/home/ezephyr3/...', true, Array)
#2 /home/ezephyr3/kreativeenterprises.co.in/wp-includes/general-template.php(48): locate_template(Array, true, true, Array)
#3 /home/ezephyr3/kreativeenterprises.co.in/wp-content/themes/novo/template-landing.php(19): get_header()
#4 /home/ezephyr3/kreativeenterprises.co.in/wp-includes/template-loader.php(106): include('/home/ezephyr3/...')
#5 /home/ezephyr3/kreativeenterprises.co.in/wp-blog-header.php(19): require_once('/home/ezephyr3/...')
#6 /home/ezephyr3/kreativeenterprises.co.in/index.php(17): require('/home/ezephyr3/...')
#7 {main}
  thrown in /home/ezephyr3/kreativeenterprises.co.in/wp-content/themes/novo/header.php on line 3

2022-02-07T07:06:01+00:00 CRITICAL Uncaught Error: Call to undefined function yprm_get_theme_setting() in /home/ezephyr3/kreativeenterprises.co.in/wp-content/themes/novo/header.php:3
Stack trace:
#0 /home/ezephyr3/kreativeenterprises.co.in/wp-includes/template.php(770): require_once()
#1 /home/ezephyr3/kreativeenterprises.co.in/wp-includes/template.php(716): load_template('/home/ezephyr3/...', true, Array)
#2 /home/ezephyr3/kreativeenterprises.co.in/wp-includes/general-template.php(48): locate_template(Array, true, true, Array)
#3 /home/ezephyr3/kreativeenterprises.co.in/wp-content/themes/novo/template-landing.php(19): get_header()
#4 /home/ezephyr3/kreativeenterprises.co.in/wp-includes/template-loader.php(106): include('/home/ezephyr3/...')
#5 /home/ezephyr3/kreativeenterprises.co.in/wp-blog-header.php(19): require_once('/home/ezephyr3/...')
#6 /home/ezephyr3/kreativeenterprises.co.in/index.php(17): require('/home/ezephyr3/...')
#7 {main}
  thrown in /home/ezephyr3/kreativeenterprises.co.in/wp-content/themes/novo/header.php on line 3

2022-02-07T07:07:28+00:00 CRITICAL Uncaught Error: Call to undefined function yprm_get_theme_setting() in /home/ezephyr3/kreativeenterprises.co.in/wp-content/themes/novo/header.php:3
Stack trace:
#0 /home/ezephyr3/kreativeenterprises.co.in/wp-includes/template.php(770): require_once()
#1 /home/ezephyr3/kreativeenterprises.co.in/wp-includes/template.php(716): load_template('/home/ezephyr3/...', true, Array)
#2 /home/ezephyr3/kreativeenterprises.co.in/wp-includes/general-template.php(48): locate_template(Array, true, true, Array)
#3 /home/ezephyr3/kreativeenterprises.co.in/wp-content/themes/novo/template-landing.php(19): get_header()
#4 /home/ezephyr3/kreativeenterprises.co.in/wp-includes/template-loader.php(106): include('/home/ezephyr3/...')
#5 /home/ezephyr3/kreativeenterprises.co.in/wp-blog-header.php(19): require_once('/home/ezephyr3/...')
#6 /home/ezephyr3/kreativeenterprises.co.in/index.php(17): require('/home/ezephyr3/...')
#7 {main}
  thrown in /home/ezephyr3/kreativeenterprises.co.in/wp-content/themes/novo/header.php on line 3

2022-02-07T07:07:50+00:00 CRITICAL Uncaught Error: Call to undefined function yprm_get_theme_setting() in /home/ezephyr3/kreativeenterprises.co.in/wp-content/themes/novo/header.php:3
Stack trace:
#0 /home/ezephyr3/kreativeenterprises.co.in/wp-includes/template.php(770): require_once()
#1 /home/ezephyr3/kreativeenterprises.co.in/wp-includes/template.php(716): load_template('/home/ezephyr3/...', true, Array)
#2 /home/ezephyr3/kreativeenterprises.co.in/wp-includes/general-template.php(48): locate_template(Array, true, true, Array)
#3 /home/ezephyr3/kreativeenterprises.co.in/wp-content/themes/novo/template-landing.php(19): get_header()
#4 /home/ezephyr3/kreativeenterprises.co.in/wp-includes/template-loader.php(106): include('/home/ezephyr3/...')
#5 /home/ezephyr3/kreativeenterprises.co.in/wp-blog-header.php(19): require_once('/home/ezephyr3/...')
#6 /home/ezephyr3/kreativeenterprises.co.in/index.php(17): require('/home/ezephyr3/...')
#7 {main}
  thrown in /home/ezephyr3/kreativeenterprises.co.in/wp-content/themes/novo/header.php on line 3

2022-02-07T07:07:58+00:00 CRITICAL Uncaught Error: Call to undefined function yprm_get_theme_setting() in /home/ezephyr3/kreativeenterprises.co.in/wp-content/themes/novo/header.php:3
Stack trace:
#0 /home/ezephyr3/kreativeenterprises.co.in/wp-includes/template.php(770): require_once()
#1 /home/ezephyr3/kreativeenterprises.co.in/wp-includes/template.php(716): load_template('/home/ezephyr3/...', true, Array)
#2 /home/ezephyr3/kreativeenterprises.co.in/wp-includes/general-template.php(48): locate_template(Array, true, true, Array)
#3 /home/ezephyr3/kreativeenterprises.co.in/wp-content/themes/novo/template-landing.php(19): get_header()
#4 /home/ezephyr3/kreativeenterprises.co.in/wp-includes/template-loader.php(106): include('/home/ezephyr3/...')
#5 /home/ezephyr3/kreativeenterprises.co.in/wp-blog-header.php(19): require_once('/home/ezephyr3/...')
#6 /home/ezephyr3/kreativeenterprises.co.in/index.php(17): require('/home/ezephyr3/...')
#7 {main}
  thrown in /home/ezephyr3/kreativeenterprises.co.in/wp-content/themes/novo/header.php on line 3

2022-02-07T07:08:07+00:00 CRITICAL Uncaught Error: Call to undefined function yprm_get_theme_setting() in /home/ezephyr3/kreativeenterprises.co.in/wp-content/themes/novo/header.php:3
Stack trace:
#0 /home/ezephyr3/kreativeenterprises.co.in/wp-includes/template.php(770): require_once()
#1 /home/ezephyr3/kreativeenterprises.co.in/wp-includes/template.php(716): load_template('/home/ezephyr3/...', true, Array)
#2 /home/ezephyr3/kreativeenterprises.co.in/wp-includes/general-template.php(48): locate_template(Array, true, true, Array)
#3 /home/ezephyr3/kreativeenterprises.co.in/wp-content/themes/novo/template-landing.php(19): get_header()
#4 /home/ezephyr3/kreativeenterprises.co.in/wp-includes/template-loader.php(106): include('/home/ezephyr3/...')
#5 /home/ezephyr3/kreativeenterprises.co.in/wp-blog-header.php(19): require_once('/home/ezephyr3/...')
#6 /home/ezephyr3/kreativeenterprises.co.in/index.php(17): require('/home/ezephyr3/...')
#7 {main}
  thrown in /home/ezephyr3/kreativeenterprises.co.in/wp-content/themes/novo/header.php on line 3

2022-02-07T07:08:15+00:00 CRITICAL Uncaught Error: Call to undefined function yprm_get_theme_setting() in /home/ezephyr3/kreativeenterprises.co.in/wp-content/themes/novo/header.php:3
Stack trace:
#0 /home/ezephyr3/kreativeenterprises.co.in/wp-includes/template.php(770): require_once()
#1 /home/ezephyr3/kreativeenterprises.co.in/wp-includes/template.php(716): load_template('/home/ezephyr3/...', true, Array)
#2 /home/ezephyr3/kreativeenterprises.co.in/wp-includes/general-template.php(48): locate_template(Array, true, true, Array)
#3 /home/ezephyr3/kreativeenterprises.co.in/wp-content/themes/novo/template-landing.php(19): get_header()
#4 /home/ezephyr3/kreativeenterprises.co.in/wp-includes/template-loader.php(106): include('/home/ezephyr3/...')
#5 /home/ezephyr3/kreativeenterprises.co.in/wp-blog-header.php(19): require_once('/home/ezephyr3/...')
#6 /home/ezephyr3/kreativeenterprises.co.in/index.php(17): require('/home/ezephyr3/...')
#7 {main}
  thrown in /home/ezephyr3/kreativeenterprises.co.in/wp-content/themes/novo/header.php on line 3

2022-02-07T07:08:34+00:00 CRITICAL Uncaught Error: Call to undefined function yprm_get_theme_setting() in /home/ezephyr3/kreativeenterprises.co.in/wp-content/themes/novo/header.php:3
Stack trace:
#0 /home/ezephyr3/kreativeenterprises.co.in/wp-includes/template.php(770): require_once()
#1 /home/ezephyr3/kreativeenterprises.co.in/wp-includes/template.php(716): load_template('/home/ezephyr3/...', true, Array)
#2 /home/ezephyr3/kreativeenterprises.co.in/wp-includes/general-template.php(48): locate_template(Array, true, true, Array)
#3 /home/ezephyr3/kreativeenterprises.co.in/wp-content/themes/novo/template-landing.php(19): get_header()
#4 /home/ezephyr3/kreativeenterprises.co.in/wp-includes/template-loader.php(106): include('/home/ezephyr3/...')
#5 /home/ezephyr3/kreativeenterprises.co.in/wp-blog-header.php(19): require_once('/home/ezephyr3/...')
#6 /home/ezephyr3/kreativeenterprises.co.in/index.php(17): require('/home/ezephyr3/...')
#7 {main}
  thrown in /home/ezephyr3/kreativeenterprises.co.in/wp-content/themes/novo/header.php on line 3

2022-02-07T07:08:36+00:00 CRITICAL Uncaught Error: Call to undefined function yprm_get_theme_setting() in /home/ezephyr3/kreativeenterprises.co.in/wp-content/themes/novo/header.php:3
Stack trace:
#0 /home/ezephyr3/kreativeenterprises.co.in/wp-includes/template.php(770): require_once()
#1 /home/ezephyr3/kreativeenterprises.co.in/wp-includes/template.php(716): load_template('/home/ezephyr3/...', true, Array)
#2 /home/ezephyr3/kreativeenterprises.co.in/wp-includes/general-template.php(48): locate_template(Array, true, true, Array)
#3 /home/ezephyr3/kreativeenterprises.co.in/wp-content/themes/novo/template-landing.php(19): get_header()
#4 /home/ezephyr3/kreativeenterprises.co.in/wp-includes/template-loader.php(106): include('/home/ezephyr3/...')
#5 /home/ezephyr3/kreativeenterprises.co.in/wp-blog-header.php(19): require_once('/home/ezephyr3/...')
#6 /home/ezephyr3/kreativeenterprises.co.in/index.php(17): require('/home/ezephyr3/...')
#7 {main}
  thrown in /home/ezephyr3/kreativeenterprises.co.in/wp-content/themes/novo/header.php on line 3

2022-02-07T07:08:55+00:00 CRITICAL Uncaught Error: Call to undefined function yprm_get_theme_setting() in /home/ezephyr3/kreativeenterprises.co.in/wp-content/themes/novo/header.php:3
Stack trace:
#0 /home/ezephyr3/kreativeenterprises.co.in/wp-includes/template.php(770): require_once()
#1 /home/ezephyr3/kreativeenterprises.co.in/wp-includes/template.php(716): load_template('/home/ezephyr3/...', true, Array)
#2 /home/ezephyr3/kreativeenterprises.co.in/wp-includes/general-template.php(48): locate_template(Array, true, true, Array)
#3 /home/ezephyr3/kreativeenterprises.co.in/wp-content/themes/novo/template-landing.php(19): get_header()
#4 /home/ezephyr3/kreativeenterprises.co.in/wp-includes/template-loader.php(106): include('/home/ezephyr3/...')
#5 /home/ezephyr3/kreativeenterprises.co.in/wp-blog-header.php(19): require_once('/home/ezephyr3/...')
#6 /home/ezephyr3/kreativeenterprises.co.in/index.php(17): require('/home/ezephyr3/...')
#7 {main}
  thrown in /home/ezephyr3/kreativeenterprises.co.in/wp-content/themes/novo/header.php on line 3

2022-02-07T07:08:58+00:00 CRITICAL Uncaught Error: Call to undefined function yprm_get_theme_setting() in /home/ezephyr3/kreativeenterprises.co.in/wp-content/themes/novo/header.php:3
Stack trace:
#0 /home/ezephyr3/kreativeenterprises.co.in/wp-includes/template.php(770): require_once()
#1 /home/ezephyr3/kreativeenterprises.co.in/wp-includes/template.php(716): load_template('/home/ezephyr3/...', true, Array)
#2 /home/ezephyr3/kreativeenterprises.co.in/wp-includes/general-template.php(48): locate_template(Array, true, true, Array)
#3 /home/ezephyr3/kreativeenterprises.co.in/wp-content/themes/novo/template-landing.php(19): get_header()
#4 /home/ezephyr3/kreativeenterprises.co.in/wp-includes/template-loader.php(106): include('/home/ezephyr3/...')
#5 /home/ezephyr3/kreativeenterprises.co.in/wp-blog-header.php(19): require_once('/home/ezephyr3/...')
#6 /home/ezephyr3/kreativeenterprises.co.in/index.php(17): require('/home/ezephyr3/...')
#7 {main}
  thrown in /home/ezephyr3/kreativeenterprises.co.in/wp-content/themes/novo/header.php on line 3

2022-02-07T07:09:22+00:00 CRITICAL Uncaught Error: Call to undefined function yprm_get_theme_setting() in /home/ezephyr3/kreativeenterprises.co.in/wp-content/themes/novo/header.php:3
Stack trace:
#0 /home/ezephyr3/kreativeenterprises.co.in/wp-includes/template.php(770): require_once()
#1 /home/ezephyr3/kreativeenterprises.co.in/wp-includes/template.php(716): load_template('/home/ezephyr3/...', true, Array)
#2 /home/ezephyr3/kreativeenterprises.co.in/wp-includes/general-template.php(48): locate_template(Array, true, true, Array)
#3 /home/ezephyr3/kreativeenterprises.co.in/wp-content/themes/novo/template-landing.php(19): get_header()
#4 /home/ezephyr3/kreativeenterprises.co.in/wp-includes/template-loader.php(106): include('/home/ezephyr3/...')
#5 /home/ezephyr3/kreativeenterprises.co.in/wp-blog-header.php(19): require_once('/home/ezephyr3/...')
#6 /home/ezephyr3/kreativeenterprises.co.in/index.php(17): require('/home/ezephyr3/...')
#7 {main}
  thrown in /home/ezephyr3/kreativeenterprises.co.in/wp-content/themes/novo/header.php on line 3

2022-02-07T07:09:25+00:00 CRITICAL Uncaught Error: Call to undefined function yprm_get_theme_setting() in /home/ezephyr3/kreativeenterprises.co.in/wp-content/themes/novo/header.php:3
Stack trace:
#0 /home/ezephyr3/kreativeenterprises.co.in/wp-includes/template.php(770): require_once()
#1 /home/ezephyr3/kreativeenterprises.co.in/wp-includes/template.php(716): load_template('/home/ezephyr3/...', true, Array)
#2 /home/ezephyr3/kreativeenterprises.co.in/wp-includes/general-template.php(48): locate_template(Array, true, true, Array)
#3 /home/ezephyr3/kreativeenterprises.co.in/wp-content/themes/novo/template-landing.php(19): get_header()
#4 /home/ezephyr3/kreativeenterprises.co.in/wp-includes/template-loader.php(106): include('/home/ezephyr3/...')
#5 /home/ezephyr3/kreativeenterprises.co.in/wp-blog-header.php(19): require_once('/home/ezephyr3/...')
#6 /home/ezephyr3/kreativeenterprises.co.in/index.php(17): require('/home/ezephyr3/...')
#7 {main}
  thrown in /home/ezephyr3/kreativeenterprises.co.in/wp-content/themes/novo/header.php on line 3

2022-02-07T07:10:04+00:00 CRITICAL Uncaught Error: Call to undefined function yprm_get_theme_setting() in /home/ezephyr3/kreativeenterprises.co.in/wp-content/themes/novo/header.php:3
Stack trace:
#0 /home/ezephyr3/kreativeenterprises.co.in/wp-includes/template.php(770): require_once()
#1 /home/ezephyr3/kreativeenterprises.co.in/wp-includes/template.php(716): load_template('/home/ezephyr3/...', true, Array)
#2 /home/ezephyr3/kreativeenterprises.co.in/wp-includes/general-template.php(48): locate_template(Array, true, true, Array)
#3 /home/ezephyr3/kreativeenterprises.co.in/wp-content/themes/novo/template-landing.php(19): get_header()
#4 /home/ezephyr3/kreativeenterprises.co.in/wp-includes/template-loader.php(106): include('/home/ezephyr3/...')
#5 /home/ezephyr3/kreativeenterprises.co.in/wp-blog-header.php(19): require_once('/home/ezephyr3/...')
#6 /home/ezephyr3/kreativeenterprises.co.in/index.php(17): require('/home/ezephyr3/...')
#7 {main}
  thrown in /home/ezephyr3/kreativeenterprises.co.in/wp-content/themes/novo/header.php on line 3

2022-02-07T07:10:42+00:00 CRITICAL Uncaught Error: Call to undefined function yprm_get_theme_setting() in /home/ezephyr3/kreativeenterprises.co.in/wp-content/themes/novo/header.php:3
Stack trace:
#0 /home/ezephyr3/kreativeenterprises.co.in/wp-includes/template.php(770): require_once()
#1 /home/ezephyr3/kreativeenterprises.co.in/wp-includes/template.php(716): load_template('/home/ezephyr3/...', true, Array)
#2 /home/ezephyr3/kreativeenterprises.co.in/wp-includes/general-template.php(48): locate_template(Array, true, true, Array)
#3 /home/ezephyr3/kreativeenterprises.co.in/wp-content/themes/novo/template-landing.php(19): get_header()
#4 /home/ezephyr3/kreativeenterprises.co.in/wp-includes/template-loader.php(106): include('/home/ezephyr3/...')
#5 /home/ezephyr3/kreativeenterprises.co.in/wp-blog-header.php(19): require_once('/home/ezephyr3/...')
#6 /home/ezephyr3/kreativeenterprises.co.in/index.php(17): require('/home/ezephyr3/...')
#7 {main}
  thrown in /home/ezephyr3/kreativeenterprises.co.in/wp-content/themes/novo/header.php on line 3

2022-02-07T07:10:46+00:00 CRITICAL Uncaught Error: Call to undefined function yprm_get_theme_setting() in /home/ezephyr3/kreativeenterprises.co.in/wp-content/themes/novo/header.php:3
Stack trace:
#0 /home/ezephyr3/kreativeenterprises.co.in/wp-includes/template.php(770): require_once()
#1 /home/ezephyr3/kreativeenterprises.co.in/wp-includes/template.php(716): load_template('/home/ezephyr3/...', true, Array)
#2 /home/ezephyr3/kreativeenterprises.co.in/wp-includes/general-template.php(48): locate_template(Array, true, true, Array)
#3 /home/ezephyr3/kreativeenterprises.co.in/wp-content/themes/novo/template-landing.php(19): get_header()
#4 /home/ezephyr3/kreativeenterprises.co.in/wp-includes/template-loader.php(106): include('/home/ezephyr3/...')
#5 /home/ezephyr3/kreativeenterprises.co.in/wp-blog-header.php(19): require_once('/home/ezephyr3/...')
#6 /home/ezephyr3/kreativeenterprises.co.in/index.php(17): require('/home/ezephyr3/...')
#7 {main}
  thrown in /home/ezephyr3/kreativeenterprises.co.in/wp-content/themes/novo/header.php on line 3

2022-02-07T07:11:06+00:00 CRITICAL Uncaught Error: Call to undefined function yprm_get_theme_setting() in /home/ezephyr3/kreativeenterprises.co.in/wp-content/themes/novo/header.php:3
Stack trace:
#0 /home/ezephyr3/kreativeenterprises.co.in/wp-includes/template.php(770): require_once()
#1 /home/ezephyr3/kreativeenterprises.co.in/wp-includes/template.php(716): load_template('/home/ezephyr3/...', true, Array)
#2 /home/ezephyr3/kreativeenterprises.co.in/wp-includes/general-template.php(48): locate_template(Array, true, true, Array)
#3 /home/ezephyr3/kreativeenterprises.co.in/wp-content/themes/novo/template-landing.php(19): get_header()
#4 /home/ezephyr3/kreativeenterprises.co.in/wp-includes/template-loader.php(106): include('/home/ezephyr3/...')
#5 /home/ezephyr3/kreativeenterprises.co.in/wp-blog-header.php(19): require_once('/home/ezephyr3/...')
#6 /home/ezephyr3/kreativeenterprises.co.in/index.php(17): require('/home/ezephyr3/...')
#7 {main}
  thrown in /home/ezephyr3/kreativeenterprises.co.in/wp-content/themes/novo/header.php on line 3

2022-02-07T07:11:31+00:00 CRITICAL Uncaught Error: Call to undefined function yprm_get_theme_setting() in /home/ezephyr3/kreativeenterprises.co.in/wp-content/themes/novo/header.php:3
Stack trace:
#0 /home/ezephyr3/kreativeenterprises.co.in/wp-includes/template.php(770): require_once()
#1 /home/ezephyr3/kreativeenterprises.co.in/wp-includes/template.php(716): load_template('/home/ezephyr3/...', true, Array)
#2 /home/ezephyr3/kreativeenterprises.co.in/wp-includes/general-template.php(48): locate_template(Array, true, true, Array)
#3 /home/ezephyr3/kreativeenterprises.co.in/wp-content/themes/novo/template-landing.php(19): get_header()
#4 /home/ezephyr3/kreativeenterprises.co.in/wp-includes/template-loader.php(106): include('/home/ezephyr3/...')
#5 /home/ezephyr3/kreativeenterprises.co.in/wp-blog-header.php(19): require_once('/home/ezephyr3/...')
#6 /home/ezephyr3/kreativeenterprises.co.in/index.php(17): require('/home/ezephyr3/...')
#7 {main}
  thrown in /home/ezephyr3/kreativeenterprises.co.in/wp-content/themes/novo/header.php on line 3

2022-02-07T07:11:51+00:00 CRITICAL Uncaught Error: Call to undefined function yprm_get_theme_setting() in /home/ezephyr3/kreativeenterprises.co.in/wp-content/themes/novo/header.php:3
Stack trace:
#0 /home/ezephyr3/kreativeenterprises.co.in/wp-includes/template.php(770): require_once()
#1 /home/ezephyr3/kreativeenterprises.co.in/wp-includes/template.php(716): load_template('/home/ezephyr3/...', true, Array)
#2 /home/ezephyr3/kreativeenterprises.co.in/wp-includes/general-template.php(48): locate_template(Array, true, true, Array)
#3 /home/ezephyr3/kreativeenterprises.co.in/wp-content/themes/novo/template-landing.php(19): get_header()
#4 /home/ezephyr3/kreativeenterprises.co.in/wp-includes/template-loader.php(106): include('/home/ezephyr3/...')
#5 /home/ezephyr3/kreativeenterprises.co.in/wp-blog-header.php(19): require_once('/home/ezephyr3/...')
#6 /home/ezephyr3/kreativeenterprises.co.in/index.php(17): require('/home/ezephyr3/...')
#7 {main}
  thrown in /home/ezephyr3/kreativeenterprises.co.in/wp-content/themes/novo/header.php on line 3

2022-02-07T07:12:06+00:00 CRITICAL Uncaught Error: Call to undefined function yprm_get_theme_setting() in /home/ezephyr3/kreativeenterprises.co.in/wp-content/themes/novo/header.php:3
Stack trace:
#0 /home/ezephyr3/kreativeenterprises.co.in/wp-includes/template.php(770): require_once()
#1 /home/ezephyr3/kreativeenterprises.co.in/wp-includes/template.php(716): load_template('/home/ezephyr3/...', true, Array)
#2 /home/ezephyr3/kreativeenterprises.co.in/wp-includes/general-template.php(48): locate_template(Array, true, true, Array)
#3 /home/ezephyr3/kreativeenterprises.co.in/wp-content/themes/novo/template-landing.php(19): get_header()
#4 /home/ezephyr3/kreativeenterprises.co.in/wp-includes/template-loader.php(106): include('/home/ezephyr3/...')
#5 /home/ezephyr3/kreativeenterprises.co.in/wp-blog-header.php(19): require_once('/home/ezephyr3/...')
#6 /home/ezephyr3/kreativeenterprises.co.in/index.php(17): require('/home/ezephyr3/...')
#7 {main}
  thrown in /home/ezephyr3/kreativeenterprises.co.in/wp-content/themes/novo/header.php on line 3

2022-02-07T07:12:09+00:00 CRITICAL Uncaught Error: Call to undefined function yprm_get_theme_setting() in /home/ezephyr3/kreativeenterprises.co.in/wp-content/themes/novo/header.php:3
Stack trace:
#0 /home/ezephyr3/kreativeenterprises.co.in/wp-includes/template.php(770): require_once()
#1 /home/ezephyr3/kreativeenterprises.co.in/wp-includes/template.php(716): load_template('/home/ezephyr3/...', true, Array)
#2 /home/ezephyr3/kreativeenterprises.co.in/wp-includes/general-template.php(48): locate_template(Array, true, true, Array)
#3 /home/ezephyr3/kreativeenterprises.co.in/wp-content/themes/novo/template-landing.php(19): get_header()
#4 /home/ezephyr3/kreativeenterprises.co.in/wp-includes/template-loader.php(106): include('/home/ezephyr3/...')
#5 /home/ezephyr3/kreativeenterprises.co.in/wp-blog-header.php(19): require_once('/home/ezephyr3/...')
#6 /home/ezephyr3/kreativeenterprises.co.in/index.php(17): require('/home/ezephyr3/...')
#7 {main}
  thrown in /home/ezephyr3/kreativeenterprises.co.in/wp-content/themes/novo/header.php on line 3

2022-02-07T07:12:50+00:00 CRITICAL Uncaught Error: Call to undefined function yprm_get_theme_setting() in /home/ezephyr3/kreativeenterprises.co.in/wp-content/themes/novo/header.php:3
Stack trace:
#0 /home/ezephyr3/kreativeenterprises.co.in/wp-includes/template.php(770): require_once()
#1 /home/ezephyr3/kreativeenterprises.co.in/wp-includes/template.php(716): load_template('/home/ezephyr3/...', true, Array)
#2 /home/ezephyr3/kreativeenterprises.co.in/wp-includes/general-template.php(48): locate_template(Array, true, true, Array)
#3 /home/ezephyr3/kreativeenterprises.co.in/wp-content/themes/novo/template-landing.php(19): get_header()
#4 /home/ezephyr3/kreativeenterprises.co.in/wp-includes/template-loader.php(106): include('/home/ezephyr3/...')
#5 /home/ezephyr3/kreativeenterprises.co.in/wp-blog-header.php(19): require_once('/home/ezephyr3/...')
#6 /home/ezephyr3/kreativeenterprises.co.in/index.php(17): require('/home/ezephyr3/...')
#7 {main}
  thrown in /home/ezephyr3/kreativeenterprises.co.in/wp-content/themes/novo/header.php on line 3

2022-02-07T07:13:09+00:00 CRITICAL Uncaught Error: Call to undefined function yprm_get_theme_setting() in /home/ezephyr3/kreativeenterprises.co.in/wp-content/themes/novo/header.php:3
Stack trace:
#0 /home/ezephyr3/kreativeenterprises.co.in/wp-includes/template.php(770): require_once()
#1 /home/ezephyr3/kreativeenterprises.co.in/wp-includes/template.php(716): load_template('/home/ezephyr3/...', true, Array)
#2 /home/ezephyr3/kreativeenterprises.co.in/wp-includes/general-template.php(48): locate_template(Array, true, true, Array)
#3 /home/ezephyr3/kreativeenterprises.co.in/wp-content/themes/novo/template-landing.php(19): get_header()
#4 /home/ezephyr3/kreativeenterprises.co.in/wp-includes/template-loader.php(106): include('/home/ezephyr3/...')
#5 /home/ezephyr3/kreativeenterprises.co.in/wp-blog-header.php(19): require_once('/home/ezephyr3/...')
#6 /home/ezephyr3/kreativeenterprises.co.in/index.php(17): require('/home/ezephyr3/...')
#7 {main}
  thrown in /home/ezephyr3/kreativeenterprises.co.in/wp-content/themes/novo/header.php on line 3

2022-02-07T07:13:11+00:00 CRITICAL Uncaught Error: Call to undefined function yprm_get_theme_setting() in /home/ezephyr3/kreativeenterprises.co.in/wp-content/themes/novo/header.php:3
Stack trace:
#0 /home/ezephyr3/kreativeenterprises.co.in/wp-includes/template.php(770): require_once()
#1 /home/ezephyr3/kreativeenterprises.co.in/wp-includes/template.php(716): load_template('/home/ezephyr3/...', true, Array)
#2 /home/ezephyr3/kreativeenterprises.co.in/wp-includes/general-template.php(48): locate_template(Array, true, true, Array)
#3 /home/ezephyr3/kreativeenterprises.co.in/wp-content/themes/novo/template-landing.php(19): get_header()
#4 /home/ezephyr3/kreativeenterprises.co.in/wp-includes/template-loader.php(106): include('/home/ezephyr3/...')
#5 /home/ezephyr3/kreativeenterprises.co.in/wp-blog-header.php(19): require_once('/home/ezephyr3/...')
#6 /home/ezephyr3/kreativeenterprises.co.in/index.php(17): require('/home/ezephyr3/...')
#7 {main}
  thrown in /home/ezephyr3/kreativeenterprises.co.in/wp-content/themes/novo/header.php on line 3

2022-02-07T07:13:45+00:00 CRITICAL Uncaught Error: Call to undefined function yprm_get_theme_setting() in /home/ezephyr3/kreativeenterprises.co.in/wp-content/themes/novo/header.php:3
Stack trace:
#0 /home/ezephyr3/kreativeenterprises.co.in/wp-includes/template.php(770): require_once()
#1 /home/ezephyr3/kreativeenterprises.co.in/wp-includes/template.php(716): load_template('/home/ezephyr3/...', true, Array)
#2 /home/ezephyr3/kreativeenterprises.co.in/wp-includes/general-template.php(48): locate_template(Array, true, true, Array)
#3 /home/ezephyr3/kreativeenterprises.co.in/wp-content/themes/novo/template-landing.php(19): get_header()
#4 /home/ezephyr3/kreativeenterprises.co.in/wp-includes/template-loader.php(106): include('/home/ezephyr3/...')
#5 /home/ezephyr3/kreativeenterprises.co.in/wp-blog-header.php(19): require_once('/home/ezephyr3/...')
#6 /home/ezephyr3/kreativeenterprises.co.in/index.php(17): require('/home/ezephyr3/...')
#7 {main}
  thrown in /home/ezephyr3/kreativeenterprises.co.in/wp-content/themes/novo/header.php on line 3

