2022-02-06T00:56:46+00:00 CRITICAL Uncaught Error: Call to undefined function yprm_get_theme_setting() in /home/ezephyr3/kreativeenterprises.co.in/wp-content/themes/novo/header.php:3
Stack trace:
#0 /home/ezephyr3/kreativeenterprises.co.in/wp-includes/template.php(770): require_once()
#1 /home/ezephyr3/kreativeenterprises.co.in/wp-includes/template.php(716): load_template('/home/ezephyr3/...', true, Array)
#2 /home/ezephyr3/kreativeenterprises.co.in/wp-includes/general-template.php(48): locate_template(Array, true, true, Array)
#3 /home/ezephyr3/kreativeenterprises.co.in/wp-content/themes/novo/template-landing.php(19): get_header()
#4 /home/ezephyr3/kreativeenterprises.co.in/wp-includes/template-loader.php(106): include('/home/ezephyr3/...')
#5 /home/ezephyr3/kreativeenterprises.co.in/wp-blog-header.php(19): require_once('/home/ezephyr3/...')
#6 /home/ezephyr3/kreativeenterprises.co.in/index.php(17): require('/home/ezephyr3/...')
#7 {main}
  thrown in /home/ezephyr3/kreativeenterprises.co.in/wp-content/themes/novo/header.php on line 3

2022-02-06T02:39:07+00:00 CRITICAL Uncaught Error: Call to undefined function yprm_get_theme_setting() in /home/ezephyr3/kreativeenterprises.co.in/wp-content/themes/novo/header.php:3
Stack trace:
#0 /home/ezephyr3/kreativeenterprises.co.in/wp-includes/template.php(770): require_once()
#1 /home/ezephyr3/kreativeenterprises.co.in/wp-includes/template.php(716): load_template('/home/ezephyr3/...', true, Array)
#2 /home/ezephyr3/kreativeenterprises.co.in/wp-includes/general-template.php(48): locate_template(Array, true, true, Array)
#3 /home/ezephyr3/kreativeenterprises.co.in/wp-content/themes/novo/page.php(15): get_header()
#4 /home/ezephyr3/kreativeenterprises.co.in/wp-includes/template-loader.php(106): include('/home/ezephyr3/...')
#5 /home/ezephyr3/kreativeenterprises.co.in/wp-blog-header.php(19): require_once('/home/ezephyr3/...')
#6 /home/ezephyr3/kreativeenterprises.co.in/index.php(17): require('/home/ezephyr3/...')
#7 {main}
  thrown in /home/ezephyr3/kreativeenterprises.co.in/wp-content/themes/novo/header.php on line 3

2022-02-06T02:50:14+00:00 CRITICAL Uncaught Error: Call to undefined function yprm_get_theme_setting() in /home/ezephyr3/kreativeenterprises.co.in/wp-content/themes/novo/header.php:3
Stack trace:
#0 /home/ezephyr3/kreativeenterprises.co.in/wp-includes/template.php(770): require_once()
#1 /home/ezephyr3/kreativeenterprises.co.in/wp-includes/template.php(716): load_template('/home/ezephyr3/...', true, Array)
#2 /home/ezephyr3/kreativeenterprises.co.in/wp-includes/general-template.php(48): locate_template(Array, true, true, Array)
#3 /home/ezephyr3/kreativeenterprises.co.in/wp-content/themes/novo/page.php(15): get_header()
#4 /home/ezephyr3/kreativeenterprises.co.in/wp-includes/template-loader.php(106): include('/home/ezephyr3/...')
#5 /home/ezephyr3/kreativeenterprises.co.in/wp-blog-header.php(19): require_once('/home/ezephyr3/...')
#6 /home/ezephyr3/kreativeenterprises.co.in/index.php(17): require('/home/ezephyr3/...')
#7 {main}
  thrown in /home/ezephyr3/kreativeenterprises.co.in/wp-content/themes/novo/header.php on line 3

2022-02-06T03:12:32+00:00 CRITICAL Uncaught Error: Call to undefined function yprm_get_theme_setting() in /home/ezephyr3/kreativeenterprises.co.in/wp-content/themes/novo/header.php:3
Stack trace:
#0 /home/ezephyr3/kreativeenterprises.co.in/wp-includes/template.php(770): require_once()
#1 /home/ezephyr3/kreativeenterprises.co.in/wp-includes/template.php(716): load_template('/home/ezephyr3/...', true, Array)
#2 /home/ezephyr3/kreativeenterprises.co.in/wp-includes/general-template.php(48): locate_template(Array, true, true, Array)
#3 /home/ezephyr3/kreativeenterprises.co.in/wp-content/themes/novo/template-landing.php(19): get_header()
#4 /home/ezephyr3/kreativeenterprises.co.in/wp-includes/template-loader.php(106): include('/home/ezephyr3/...')
#5 /home/ezephyr3/kreativeenterprises.co.in/wp-blog-header.php(19): require_once('/home/ezephyr3/...')
#6 /home/ezephyr3/kreativeenterprises.co.in/index.php(17): require('/home/ezephyr3/...')
#7 {main}
  thrown in /home/ezephyr3/kreativeenterprises.co.in/wp-content/themes/novo/header.php on line 3

2022-02-06T03:40:53+00:00 CRITICAL Uncaught Error: Call to undefined function yprm_get_theme_setting() in /home/ezephyr3/kreativeenterprises.co.in/wp-content/themes/novo/header.php:3
Stack trace:
#0 /home/ezephyr3/kreativeenterprises.co.in/wp-includes/template.php(770): require_once()
#1 /home/ezephyr3/kreativeenterprises.co.in/wp-includes/template.php(716): load_template('/home/ezephyr3/...', true, Array)
#2 /home/ezephyr3/kreativeenterprises.co.in/wp-includes/general-template.php(48): locate_template(Array, true, true, Array)
#3 /home/ezephyr3/kreativeenterprises.co.in/wp-content/themes/novo/template-landing.php(19): get_header()
#4 /home/ezephyr3/kreativeenterprises.co.in/wp-includes/template-loader.php(106): include('/home/ezephyr3/...')
#5 /home/ezephyr3/kreativeenterprises.co.in/wp-blog-header.php(19): require_once('/home/ezephyr3/...')
#6 /home/ezephyr3/kreativeenterprises.co.in/index.php(17): require('/home/ezephyr3/...')
#7 {main}
  thrown in /home/ezephyr3/kreativeenterprises.co.in/wp-content/themes/novo/header.php on line 3

2022-02-06T04:26:03+00:00 CRITICAL Uncaught Error: Call to undefined function yprm_get_theme_setting() in /home/ezephyr3/kreativeenterprises.co.in/wp-content/themes/novo/header.php:3
Stack trace:
#0 /home/ezephyr3/kreativeenterprises.co.in/wp-includes/template.php(770): require_once()
#1 /home/ezephyr3/kreativeenterprises.co.in/wp-includes/template.php(716): load_template('/home/ezephyr3/...', true, Array)
#2 /home/ezephyr3/kreativeenterprises.co.in/wp-includes/general-template.php(48): locate_template(Array, true, true, Array)
#3 /home/ezephyr3/kreativeenterprises.co.in/wp-content/themes/novo/template-landing.php(19): get_header()
#4 /home/ezephyr3/kreativeenterprises.co.in/wp-includes/template-loader.php(106): include('/home/ezephyr3/...')
#5 /home/ezephyr3/kreativeenterprises.co.in/wp-blog-header.php(19): require_once('/home/ezephyr3/...')
#6 /home/ezephyr3/kreativeenterprises.co.in/index.php(17): require('/home/ezephyr3/...')
#7 {main}
  thrown in /home/ezephyr3/kreativeenterprises.co.in/wp-content/themes/novo/header.php on line 3

2022-02-06T04:54:02+00:00 CRITICAL Uncaught Error: Call to undefined function yprm_get_theme_setting() in /home/ezephyr3/kreativeenterprises.co.in/wp-content/themes/novo/header.php:3
Stack trace:
#0 /home/ezephyr3/kreativeenterprises.co.in/wp-includes/template.php(770): require_once()
#1 /home/ezephyr3/kreativeenterprises.co.in/wp-includes/template.php(716): load_template('/home/ezephyr3/...', true, Array)
#2 /home/ezephyr3/kreativeenterprises.co.in/wp-includes/general-template.php(48): locate_template(Array, true, true, Array)
#3 /home/ezephyr3/kreativeenterprises.co.in/wp-content/themes/novo/template-landing.php(19): get_header()
#4 /home/ezephyr3/kreativeenterprises.co.in/wp-includes/template-loader.php(106): include('/home/ezephyr3/...')
#5 /home/ezephyr3/kreativeenterprises.co.in/wp-blog-header.php(19): require_once('/home/ezephyr3/...')
#6 /home/ezephyr3/kreativeenterprises.co.in/index.php(17): require('/home/ezephyr3/...')
#7 {main}
  thrown in /home/ezephyr3/kreativeenterprises.co.in/wp-content/themes/novo/header.php on line 3

2022-02-06T06:55:49+00:00 CRITICAL Uncaught Error: Call to undefined function yprm_get_theme_setting() in /home/ezephyr3/kreativeenterprises.co.in/wp-content/themes/novo/header.php:3
Stack trace:
#0 /home/ezephyr3/kreativeenterprises.co.in/wp-includes/template.php(770): require_once()
#1 /home/ezephyr3/kreativeenterprises.co.in/wp-includes/template.php(716): load_template('/home/ezephyr3/...', true, Array)
#2 /home/ezephyr3/kreativeenterprises.co.in/wp-includes/general-template.php(48): locate_template(Array, true, true, Array)
#3 /home/ezephyr3/kreativeenterprises.co.in/wp-content/themes/novo/template-landing.php(19): get_header()
#4 /home/ezephyr3/kreativeenterprises.co.in/wp-includes/template-loader.php(106): include('/home/ezephyr3/...')
#5 /home/ezephyr3/kreativeenterprises.co.in/wp-blog-header.php(19): require_once('/home/ezephyr3/...')
#6 /home/ezephyr3/kreativeenterprises.co.in/index.php(17): require('/home/ezephyr3/...')
#7 {main}
  thrown in /home/ezephyr3/kreativeenterprises.co.in/wp-content/themes/novo/header.php on line 3

2022-02-06T06:55:57+00:00 CRITICAL Uncaught Error: Call to undefined function yprm_get_theme_setting() in /home/ezephyr3/kreativeenterprises.co.in/wp-content/themes/novo/404.php:13
Stack trace:
#0 /home/ezephyr3/kreativeenterprises.co.in/wp-includes/template-loader.php(106): include()
#1 /home/ezephyr3/kreativeenterprises.co.in/wp-blog-header.php(19): require_once('/home/ezephyr3/...')
#2 /home/ezephyr3/kreativeenterprises.co.in/index.php(17): require('/home/ezephyr3/...')
#3 {main}
  thrown in /home/ezephyr3/kreativeenterprises.co.in/wp-content/themes/novo/404.php on line 13

2022-02-06T06:56:01+00:00 CRITICAL Uncaught Error: Call to undefined function yprm_get_theme_setting() in /home/ezephyr3/kreativeenterprises.co.in/wp-content/themes/novo/404.php:13
Stack trace:
#0 /home/ezephyr3/kreativeenterprises.co.in/wp-includes/template-loader.php(106): include()
#1 /home/ezephyr3/kreativeenterprises.co.in/wp-blog-header.php(19): require_once('/home/ezephyr3/...')
#2 /home/ezephyr3/kreativeenterprises.co.in/index.php(17): require('/home/ezephyr3/...')
#3 {main}
  thrown in /home/ezephyr3/kreativeenterprises.co.in/wp-content/themes/novo/404.php on line 13

2022-02-06T06:56:14+00:00 CRITICAL Uncaught Error: Call to undefined function yprm_get_theme_setting() in /home/ezephyr3/kreativeenterprises.co.in/wp-content/themes/novo/404.php:13
Stack trace:
#0 /home/ezephyr3/kreativeenterprises.co.in/wp-includes/template-loader.php(106): include()
#1 /home/ezephyr3/kreativeenterprises.co.in/wp-blog-header.php(19): require_once('/home/ezephyr3/...')
#2 /home/ezephyr3/kreativeenterprises.co.in/index.php(17): require('/home/ezephyr3/...')
#3 {main}
  thrown in /home/ezephyr3/kreativeenterprises.co.in/wp-content/themes/novo/404.php on line 13

2022-02-06T06:56:22+00:00 CRITICAL Uncaught Error: Call to undefined function yprm_get_theme_setting() in /home/ezephyr3/kreativeenterprises.co.in/wp-content/themes/novo/404.php:13
Stack trace:
#0 /home/ezephyr3/kreativeenterprises.co.in/wp-includes/template-loader.php(106): include()
#1 /home/ezephyr3/kreativeenterprises.co.in/wp-blog-header.php(19): require_once('/home/ezephyr3/...')
#2 /home/ezephyr3/kreativeenterprises.co.in/index.php(17): require('/home/ezephyr3/...')
#3 {main}
  thrown in /home/ezephyr3/kreativeenterprises.co.in/wp-content/themes/novo/404.php on line 13

2022-02-06T06:56:29+00:00 CRITICAL Uncaught Error: Call to undefined function yprm_get_theme_setting() in /home/ezephyr3/kreativeenterprises.co.in/wp-content/themes/novo/404.php:13
Stack trace:
#0 /home/ezephyr3/kreativeenterprises.co.in/wp-includes/template-loader.php(106): include()
#1 /home/ezephyr3/kreativeenterprises.co.in/wp-blog-header.php(19): require_once('/home/ezephyr3/...')
#2 /home/ezephyr3/kreativeenterprises.co.in/index.php(17): require('/home/ezephyr3/...')
#3 {main}
  thrown in /home/ezephyr3/kreativeenterprises.co.in/wp-content/themes/novo/404.php on line 13

2022-02-06T06:56:39+00:00 CRITICAL Uncaught Error: Call to undefined function yprm_get_theme_setting() in /home/ezephyr3/kreativeenterprises.co.in/wp-content/themes/novo/404.php:13
Stack trace:
#0 /home/ezephyr3/kreativeenterprises.co.in/wp-includes/template-loader.php(106): include()
#1 /home/ezephyr3/kreativeenterprises.co.in/wp-blog-header.php(19): require_once('/home/ezephyr3/...')
#2 /home/ezephyr3/kreativeenterprises.co.in/index.php(17): require('/home/ezephyr3/...')
#3 {main}
  thrown in /home/ezephyr3/kreativeenterprises.co.in/wp-content/themes/novo/404.php on line 13

2022-02-06T06:56:48+00:00 CRITICAL Uncaught Error: Call to undefined function yprm_get_theme_setting() in /home/ezephyr3/kreativeenterprises.co.in/wp-content/themes/novo/404.php:13
Stack trace:
#0 /home/ezephyr3/kreativeenterprises.co.in/wp-includes/template-loader.php(106): include()
#1 /home/ezephyr3/kreativeenterprises.co.in/wp-blog-header.php(19): require_once('/home/ezephyr3/...')
#2 /home/ezephyr3/kreativeenterprises.co.in/index.php(17): require('/home/ezephyr3/...')
#3 {main}
  thrown in /home/ezephyr3/kreativeenterprises.co.in/wp-content/themes/novo/404.php on line 13

2022-02-06T06:56:57+00:00 CRITICAL Uncaught Error: Call to undefined function yprm_get_theme_setting() in /home/ezephyr3/kreativeenterprises.co.in/wp-content/themes/novo/404.php:13
Stack trace:
#0 /home/ezephyr3/kreativeenterprises.co.in/wp-includes/template-loader.php(106): include()
#1 /home/ezephyr3/kreativeenterprises.co.in/wp-blog-header.php(19): require_once('/home/ezephyr3/...')
#2 /home/ezephyr3/kreativeenterprises.co.in/index.php(17): require('/home/ezephyr3/...')
#3 {main}
  thrown in /home/ezephyr3/kreativeenterprises.co.in/wp-content/themes/novo/404.php on line 13

2022-02-06T06:57:05+00:00 CRITICAL Uncaught Error: Call to undefined function yprm_get_theme_setting() in /home/ezephyr3/kreativeenterprises.co.in/wp-content/themes/novo/404.php:13
Stack trace:
#0 /home/ezephyr3/kreativeenterprises.co.in/wp-includes/template-loader.php(106): include()
#1 /home/ezephyr3/kreativeenterprises.co.in/wp-blog-header.php(19): require_once('/home/ezephyr3/...')
#2 /home/ezephyr3/kreativeenterprises.co.in/index.php(17): require('/home/ezephyr3/...')
#3 {main}
  thrown in /home/ezephyr3/kreativeenterprises.co.in/wp-content/themes/novo/404.php on line 13

2022-02-06T06:57:12+00:00 CRITICAL Uncaught Error: Call to undefined function yprm_get_theme_setting() in /home/ezephyr3/kreativeenterprises.co.in/wp-content/themes/novo/404.php:13
Stack trace:
#0 /home/ezephyr3/kreativeenterprises.co.in/wp-includes/template-loader.php(106): include()
#1 /home/ezephyr3/kreativeenterprises.co.in/wp-blog-header.php(19): require_once('/home/ezephyr3/...')
#2 /home/ezephyr3/kreativeenterprises.co.in/index.php(17): require('/home/ezephyr3/...')
#3 {main}
  thrown in /home/ezephyr3/kreativeenterprises.co.in/wp-content/themes/novo/404.php on line 13

2022-02-06T06:57:40+00:00 CRITICAL Uncaught Error: Call to undefined function yprm_get_theme_setting() in /home/ezephyr3/kreativeenterprises.co.in/wp-content/themes/novo/header.php:3
Stack trace:
#0 /home/ezephyr3/kreativeenterprises.co.in/wp-includes/template.php(770): require_once()
#1 /home/ezephyr3/kreativeenterprises.co.in/wp-includes/template.php(716): load_template('/home/ezephyr3/...', true, Array)
#2 /home/ezephyr3/kreativeenterprises.co.in/wp-includes/general-template.php(48): locate_template(Array, true, true, Array)
#3 /home/ezephyr3/kreativeenterprises.co.in/wp-content/themes/novo/template-landing.php(19): get_header()
#4 /home/ezephyr3/kreativeenterprises.co.in/wp-includes/template-loader.php(106): include('/home/ezephyr3/...')
#5 /home/ezephyr3/kreativeenterprises.co.in/wp-blog-header.php(19): require_once('/home/ezephyr3/...')
#6 /home/ezephyr3/kreativeenterprises.co.in/index.php(17): require('/home/ezephyr3/...')
#7 {main}
  thrown in /home/ezephyr3/kreativeenterprises.co.in/wp-content/themes/novo/header.php on line 3

2022-02-06T07:00:56+00:00 CRITICAL Uncaught Error: Call to undefined function yprm_get_theme_setting() in /home/ezephyr3/kreativeenterprises.co.in/wp-content/themes/novo/header.php:3
Stack trace:
#0 /home/ezephyr3/kreativeenterprises.co.in/wp-includes/template.php(770): require_once()
#1 /home/ezephyr3/kreativeenterprises.co.in/wp-includes/template.php(716): load_template('/home/ezephyr3/...', true, Array)
#2 /home/ezephyr3/kreativeenterprises.co.in/wp-includes/general-template.php(48): locate_template(Array, true, true, Array)
#3 /home/ezephyr3/kreativeenterprises.co.in/wp-content/themes/novo/template-landing.php(19): get_header()
#4 /home/ezephyr3/kreativeenterprises.co.in/wp-includes/template-loader.php(106): include('/home/ezephyr3/...')
#5 /home/ezephyr3/kreativeenterprises.co.in/wp-blog-header.php(19): require_once('/home/ezephyr3/...')
#6 /home/ezephyr3/kreativeenterprises.co.in/index.php(17): require('/home/ezephyr3/...')
#7 {main}
  thrown in /home/ezephyr3/kreativeenterprises.co.in/wp-content/themes/novo/header.php on line 3

2022-02-06T07:02:40+00:00 CRITICAL Uncaught Error: Call to undefined function yprm_get_theme_setting() in /home/ezephyr3/kreativeenterprises.co.in/wp-content/themes/novo/header.php:3
Stack trace:
#0 /home/ezephyr3/kreativeenterprises.co.in/wp-includes/template.php(770): require_once()
#1 /home/ezephyr3/kreativeenterprises.co.in/wp-includes/template.php(716): load_template('/home/ezephyr3/...', true, Array)
#2 /home/ezephyr3/kreativeenterprises.co.in/wp-includes/general-template.php(48): locate_template(Array, true, true, Array)
#3 /home/ezephyr3/kreativeenterprises.co.in/wp-content/themes/novo/template-landing.php(19): get_header()
#4 /home/ezephyr3/kreativeenterprises.co.in/wp-includes/template-loader.php(106): include('/home/ezephyr3/...')
#5 /home/ezephyr3/kreativeenterprises.co.in/wp-blog-header.php(19): require_once('/home/ezephyr3/...')
#6 /home/ezephyr3/kreativeenterprises.co.in/index.php(17): require('/home/ezephyr3/...')
#7 {main}
  thrown in /home/ezephyr3/kreativeenterprises.co.in/wp-content/themes/novo/header.php on line 3

2022-02-06T07:11:35+00:00 CRITICAL Uncaught Error: Call to undefined function yprm_get_theme_setting() in /home/ezephyr3/kreativeenterprises.co.in/wp-content/themes/novo/header.php:3
Stack trace:
#0 /home/ezephyr3/kreativeenterprises.co.in/wp-includes/template.php(770): require_once()
#1 /home/ezephyr3/kreativeenterprises.co.in/wp-includes/template.php(716): load_template('/home/ezephyr3/...', true, Array)
#2 /home/ezephyr3/kreativeenterprises.co.in/wp-includes/general-template.php(48): locate_template(Array, true, true, Array)
#3 /home/ezephyr3/kreativeenterprises.co.in/wp-content/themes/novo/template-landing.php(19): get_header()
#4 /home/ezephyr3/kreativeenterprises.co.in/wp-includes/template-loader.php(106): include('/home/ezephyr3/...')
#5 /home/ezephyr3/kreativeenterprises.co.in/wp-blog-header.php(19): require_once('/home/ezephyr3/...')
#6 /home/ezephyr3/kreativeenterprises.co.in/index.php(17): require('/home/ezephyr3/...')
#7 {main}
  thrown in /home/ezephyr3/kreativeenterprises.co.in/wp-content/themes/novo/header.php on line 3

2022-02-06T07:12:28+00:00 CRITICAL Uncaught Error: Call to undefined function yprm_get_theme_setting() in /home/ezephyr3/kreativeenterprises.co.in/wp-content/themes/novo/header.php:3
Stack trace:
#0 /home/ezephyr3/kreativeenterprises.co.in/wp-includes/template.php(770): require_once()
#1 /home/ezephyr3/kreativeenterprises.co.in/wp-includes/template.php(716): load_template('/home/ezephyr3/...', true, Array)
#2 /home/ezephyr3/kreativeenterprises.co.in/wp-includes/general-template.php(48): locate_template(Array, true, true, Array)
#3 /home/ezephyr3/kreativeenterprises.co.in/wp-content/themes/novo/template-landing.php(19): get_header()
#4 /home/ezephyr3/kreativeenterprises.co.in/wp-includes/template-loader.php(106): include('/home/ezephyr3/...')
#5 /home/ezephyr3/kreativeenterprises.co.in/wp-blog-header.php(19): require_once('/home/ezephyr3/...')
#6 /home/ezephyr3/kreativeenterprises.co.in/index.php(17): require('/home/ezephyr3/...')
#7 {main}
  thrown in /home/ezephyr3/kreativeenterprises.co.in/wp-content/themes/novo/header.php on line 3

2022-02-06T08:14:04+00:00 CRITICAL Uncaught Error: Call to undefined function yprm_get_theme_setting() in /home/ezephyr3/kreativeenterprises.co.in/wp-content/themes/novo/header.php:3
Stack trace:
#0 /home/ezephyr3/kreativeenterprises.co.in/wp-includes/template.php(770): require_once()
#1 /home/ezephyr3/kreativeenterprises.co.in/wp-includes/template.php(716): load_template('/home/ezephyr3/...', true, Array)
#2 /home/ezephyr3/kreativeenterprises.co.in/wp-includes/general-template.php(48): locate_template(Array, true, true, Array)
#3 /home/ezephyr3/kreativeenterprises.co.in/wp-content/themes/novo/template-landing.php(19): get_header()
#4 /home/ezephyr3/kreativeenterprises.co.in/wp-includes/template-loader.php(106): include('/home/ezephyr3/...')
#5 /home/ezephyr3/kreativeenterprises.co.in/wp-blog-header.php(19): require_once('/home/ezephyr3/...')
#6 /home/ezephyr3/kreativeenterprises.co.in/index.php(17): require('/home/ezephyr3/...')
#7 {main}
  thrown in /home/ezephyr3/kreativeenterprises.co.in/wp-content/themes/novo/header.php on line 3

2022-02-06T08:38:13+00:00 CRITICAL Uncaught Error: Call to undefined function yprm_get_theme_setting() in /home/ezephyr3/kreativeenterprises.co.in/wp-content/themes/novo/header.php:3
Stack trace:
#0 /home/ezephyr3/kreativeenterprises.co.in/wp-includes/template.php(770): require_once()
#1 /home/ezephyr3/kreativeenterprises.co.in/wp-includes/template.php(716): load_template('/home/ezephyr3/...', true, Array)
#2 /home/ezephyr3/kreativeenterprises.co.in/wp-includes/general-template.php(48): locate_template(Array, true, true, Array)
#3 /home/ezephyr3/kreativeenterprises.co.in/wp-content/themes/novo/template-landing.php(19): get_header()
#4 /home/ezephyr3/kreativeenterprises.co.in/wp-includes/template-loader.php(106): include('/home/ezephyr3/...')
#5 /home/ezephyr3/kreativeenterprises.co.in/wp-blog-header.php(19): require_once('/home/ezephyr3/...')
#6 /home/ezephyr3/kreativeenterprises.co.in/index.php(17): require('/home/ezephyr3/...')
#7 {main}
  thrown in /home/ezephyr3/kreativeenterprises.co.in/wp-content/themes/novo/header.php on line 3

2022-02-06T08:41:15+00:00 CRITICAL Uncaught Error: Call to undefined function yprm_get_theme_setting() in /home/ezephyr3/kreativeenterprises.co.in/wp-content/themes/novo/header.php:3
Stack trace:
#0 /home/ezephyr3/kreativeenterprises.co.in/wp-includes/template.php(770): require_once()
#1 /home/ezephyr3/kreativeenterprises.co.in/wp-includes/template.php(716): load_template('/home/ezephyr3/...', true, Array)
#2 /home/ezephyr3/kreativeenterprises.co.in/wp-includes/general-template.php(48): locate_template(Array, true, true, Array)
#3 /home/ezephyr3/kreativeenterprises.co.in/wp-content/themes/novo/template-landing.php(19): get_header()
#4 /home/ezephyr3/kreativeenterprises.co.in/wp-includes/template-loader.php(106): include('/home/ezephyr3/...')
#5 /home/ezephyr3/kreativeenterprises.co.in/wp-blog-header.php(19): require_once('/home/ezephyr3/...')
#6 /home/ezephyr3/kreativeenterprises.co.in/index.php(17): require('/home/ezephyr3/...')
#7 {main}
  thrown in /home/ezephyr3/kreativeenterprises.co.in/wp-content/themes/novo/header.php on line 3

2022-02-06T09:00:46+00:00 CRITICAL Uncaught Error: Call to undefined function yprm_get_theme_setting() in /home/ezephyr3/kreativeenterprises.co.in/wp-content/themes/novo/header.php:3
Stack trace:
#0 /home/ezephyr3/kreativeenterprises.co.in/wp-includes/template.php(770): require_once()
#1 /home/ezephyr3/kreativeenterprises.co.in/wp-includes/template.php(716): load_template('/home/ezephyr3/...', true, Array)
#2 /home/ezephyr3/kreativeenterprises.co.in/wp-includes/general-template.php(48): locate_template(Array, true, true, Array)
#3 /home/ezephyr3/kreativeenterprises.co.in/wp-content/themes/novo/template-landing.php(19): get_header()
#4 /home/ezephyr3/kreativeenterprises.co.in/wp-includes/template-loader.php(106): include('/home/ezephyr3/...')
#5 /home/ezephyr3/kreativeenterprises.co.in/wp-blog-header.php(19): require_once('/home/ezephyr3/...')
#6 /home/ezephyr3/kreativeenterprises.co.in/index.php(17): require('/home/ezephyr3/...')
#7 {main}
  thrown in /home/ezephyr3/kreativeenterprises.co.in/wp-content/themes/novo/header.php on line 3

2022-02-06T09:13:11+00:00 CRITICAL Uncaught Error: Call to undefined function yprm_get_theme_setting() in /home/ezephyr3/kreativeenterprises.co.in/wp-content/themes/novo/header.php:3
Stack trace:
#0 /home/ezephyr3/kreativeenterprises.co.in/wp-includes/template.php(770): require_once()
#1 /home/ezephyr3/kreativeenterprises.co.in/wp-includes/template.php(716): load_template('/home/ezephyr3/...', true, Array)
#2 /home/ezephyr3/kreativeenterprises.co.in/wp-includes/general-template.php(48): locate_template(Array, true, true, Array)
#3 /home/ezephyr3/kreativeenterprises.co.in/wp-content/themes/novo/template-landing.php(19): get_header()
#4 /home/ezephyr3/kreativeenterprises.co.in/wp-includes/template-loader.php(106): include('/home/ezephyr3/...')
#5 /home/ezephyr3/kreativeenterprises.co.in/wp-blog-header.php(19): require_once('/home/ezephyr3/...')
#6 /home/ezephyr3/kreativeenterprises.co.in/index.php(17): require('/home/ezephyr3/...')
#7 {main}
  thrown in /home/ezephyr3/kreativeenterprises.co.in/wp-content/themes/novo/header.php on line 3

2022-02-06T16:18:34+00:00 CRITICAL Uncaught Error: Call to undefined function yprm_get_theme_setting() in /home/ezephyr3/kreativeenterprises.co.in/wp-content/themes/novo/header.php:3
Stack trace:
#0 /home/ezephyr3/kreativeenterprises.co.in/wp-includes/template.php(770): require_once()
#1 /home/ezephyr3/kreativeenterprises.co.in/wp-includes/template.php(716): load_template('/home/ezephyr3/...', true, Array)
#2 /home/ezephyr3/kreativeenterprises.co.in/wp-includes/general-template.php(48): locate_template(Array, true, true, Array)
#3 /home/ezephyr3/kreativeenterprises.co.in/wp-content/themes/novo/template-landing.php(19): get_header()
#4 /home/ezephyr3/kreativeenterprises.co.in/wp-includes/template-loader.php(106): include('/home/ezephyr3/...')
#5 /home/ezephyr3/kreativeenterprises.co.in/wp-blog-header.php(19): require_once('/home/ezephyr3/...')
#6 /home/ezephyr3/kreativeenterprises.co.in/index.php(17): require('/home/ezephyr3/...')
#7 {main}
  thrown in /home/ezephyr3/kreativeenterprises.co.in/wp-content/themes/novo/header.php on line 3

2022-02-06T19:36:51+00:00 CRITICAL Uncaught Error: Call to undefined function yprm_get_theme_setting() in /home/ezephyr3/kreativeenterprises.co.in/wp-content/themes/novo/header.php:3
Stack trace:
#0 /home/ezephyr3/kreativeenterprises.co.in/wp-includes/template.php(770): require_once()
#1 /home/ezephyr3/kreativeenterprises.co.in/wp-includes/template.php(716): load_template('/home/ezephyr3/...', true, Array)
#2 /home/ezephyr3/kreativeenterprises.co.in/wp-includes/general-template.php(48): locate_template(Array, true, true, Array)
#3 /home/ezephyr3/kreativeenterprises.co.in/wp-content/themes/novo/template-landing.php(19): get_header()
#4 /home/ezephyr3/kreativeenterprises.co.in/wp-includes/template-loader.php(106): include('/home/ezephyr3/...')
#5 /home/ezephyr3/kreativeenterprises.co.in/wp-blog-header.php(19): require_once('/home/ezephyr3/...')
#6 /home/ezephyr3/kreativeenterprises.co.in/index.php(17): require('/home/ezephyr3/...')
#7 {main}
  thrown in /home/ezephyr3/kreativeenterprises.co.in/wp-content/themes/novo/header.php on line 3

2022-02-06T19:36:53+00:00 CRITICAL Uncaught Error: Call to undefined function yprm_get_theme_setting() in /home/ezephyr3/kreativeenterprises.co.in/wp-content/themes/novo/404.php:13
Stack trace:
#0 /home/ezephyr3/kreativeenterprises.co.in/wp-includes/template-loader.php(106): include()
#1 /home/ezephyr3/kreativeenterprises.co.in/wp-blog-header.php(19): require_once('/home/ezephyr3/...')
#2 /home/ezephyr3/kreativeenterprises.co.in/index.php(17): require('/home/ezephyr3/...')
#3 {main}
  thrown in /home/ezephyr3/kreativeenterprises.co.in/wp-content/themes/novo/404.php on line 13

2022-02-06T20:02:03+00:00 CRITICAL Uncaught Error: Call to undefined function yprm_get_theme_setting() in /home/ezephyr3/kreativeenterprises.co.in/wp-content/themes/novo/header.php:3
Stack trace:
#0 /home/ezephyr3/kreativeenterprises.co.in/wp-includes/template.php(770): require_once()
#1 /home/ezephyr3/kreativeenterprises.co.in/wp-includes/template.php(716): load_template('/home/ezephyr3/...', true, Array)
#2 /home/ezephyr3/kreativeenterprises.co.in/wp-includes/general-template.php(48): locate_template(Array, true, true, Array)
#3 /home/ezephyr3/kreativeenterprises.co.in/wp-content/themes/novo/template-landing.php(19): get_header()
#4 /home/ezephyr3/kreativeenterprises.co.in/wp-includes/template-loader.php(106): include('/home/ezephyr3/...')
#5 /home/ezephyr3/kreativeenterprises.co.in/wp-blog-header.php(19): require_once('/home/ezephyr3/...')
#6 /home/ezephyr3/kreativeenterprises.co.in/index.php(17): require('/home/ezephyr3/...')
#7 {main}
  thrown in /home/ezephyr3/kreativeenterprises.co.in/wp-content/themes/novo/header.php on line 3

2022-02-06T20:20:19+00:00 CRITICAL Uncaught Error: Call to undefined function yprm_get_theme_setting() in /home/ezephyr3/kreativeenterprises.co.in/wp-content/themes/novo/header.php:3
Stack trace:
#0 /home/ezephyr3/kreativeenterprises.co.in/wp-includes/template.php(770): require_once()
#1 /home/ezephyr3/kreativeenterprises.co.in/wp-includes/template.php(716): load_template('/home/ezephyr3/...', true, Array)
#2 /home/ezephyr3/kreativeenterprises.co.in/wp-includes/general-template.php(48): locate_template(Array, true, true, Array)
#3 /home/ezephyr3/kreativeenterprises.co.in/wp-content/themes/novo/template-landing.php(19): get_header()
#4 /home/ezephyr3/kreativeenterprises.co.in/wp-includes/template-loader.php(106): include('/home/ezephyr3/...')
#5 /home/ezephyr3/kreativeenterprises.co.in/wp-blog-header.php(19): require_once('/home/ezephyr3/...')
#6 /home/ezephyr3/kreativeenterprises.co.in/index.php(17): require('/home/ezephyr3/...')
#7 {main}
  thrown in /home/ezephyr3/kreativeenterprises.co.in/wp-content/themes/novo/header.php on line 3

